[30-Mar-2021 03:31:55 Europe/Sofia] PHP Fatal error:  Uncaught RuntimeException: A facade root has not been set. in /home/omd9e55u/app_rb_folder/vendor/laravel/framework/src/Illuminate/Support/Facades/Facade.php:234
Stack trace:
#0 /home/omd9e55u/app_rb_folder/vendor/softnio/laravel-installer/src/Helpers/MigrationsHelper.php(27): Illuminate\Support\Facades\Facade::__callStatic('table', Array)
#1 /home/omd9e55u/app_rb_folder/app/Exceptions/Handler.php(66): App\Exceptions\Handler->getExecutedMigrations()
#2 /home/omd9e55u/app_rb_folder/vendor/laravel/framework/src/Illuminate/Foundation/Http/Kernel.php(326): App\Exceptions\Handler->render(Object(Illuminate\Http\Request), Object(Symfony\Component\Debug\Exception\FatalThrowableError))
#3 /home/omd9e55u/app_rb_folder/vendor/laravel/framework/src/Illuminate/Foundation/Http/Kernel.php(124): Illuminate\Foundation\Http\Kernel->renderException(Object(Illuminate\Http\Request), Object(Symfony\Component\Debug\Exception\FatalThrowableError))
#4 /home/omd9e55u/app.robotbulls.com/index.php(58): Illuminate\Foundation\Http\Kernel- in /home/omd9e55u/app_rb_folder/vendor/laravel/framework/src/Illuminate/Support/Facades/Facade.php on line 234
[10-Apr-2021 04:51:16 Asia/Dhaka] PHP Fatal error:  Cannot redeclare App\Helpers\dateDiffInDays() (previously declared in /home/omd9e55u/app_rb_folder/app/Helpers/UserPanel.php:93) in /home/omd9e55u/app_rb_folder/app/Helpers/UserPanel.php on line 93
[10-Apr-2021 04:51:42 Asia/Dhaka] PHP Fatal error:  Cannot redeclare App\Helpers\dateDiffInDays() (previously declared in /home/omd9e55u/app_rb_folder/app/Helpers/UserPanel.php:93) in /home/omd9e55u/app_rb_folder/app/Helpers/UserPanel.php on line 93
[21-May-2021 04:55:54 Asia/Dhaka] PHP Warning:  Uncaught ErrorException: require(/home/omd9e55u/app.robotbulls.com/test/payment_demo/tokenlite_app/app/Http/Controllers/Auth/autodoad.php): failed to open stream: No such file or directory in /home/omd9e55u/app_rb_folder/app/Http/Controllers/Auth/RegisterController.php:26
Stack trace:
#0 /home/omd9e55u/app_rb_folder/app/Http/Controllers/Auth/RegisterController.php(26): Illuminate\Foundation\Bootstrap\HandleExceptions->handleError(2, 'require(/home/o...', '/home/omd9e55u/...', 26, Array)
#1 /home/omd9e55u/app_rb_folder/app/Http/Controllers/Auth/RegisterController.php(26): require()
#2 /home/omd9e55u/app_rb_folder/vendor/composer/ClassLoader.php(444): include('/home/omd9e55u/...')
#3 /home/omd9e55u/app_rb_folder/vendor/composer/ClassLoader.php(322): Composer\Autoload\includeFile('/home/omd9e55u/...')
#4 [internal function]: Composer\Autoload\ClassLoader->loadClass('App\\Http\\Contro...')
#5 [internal function]: spl_autoload_call('App\\Http\\Contro...')
#6 /home/omd9e55u/app_rb_folder/vendor/laravel/framework/sr in /home/omd9e55u/app_rb_folder/app/Http/Controllers/Auth/RegisterController.php on line 26
[21-May-2021 04:55:54 Asia/Dhaka] PHP Fatal error:  main(): Failed opening required '/home/omd9e55u/app.robotbulls.com/test/payment_demo/tokenlite_app/app/Http/Controllers/Auth/autodoad.php' (include_path='.:/opt/cpanel/ea-php73/root/usr/share/pear') in /home/omd9e55u/app_rb_folder/app/Http/Controllers/Auth/RegisterController.php on line 26
[21-May-2021 05:06:15 Asia/Dhaka] PHP Warning:  Uncaught ErrorException: require(/home/omd9e55u/app.robotbulls.comapp_rb_folder/app/Http/Controllers/Auth/autodoad.php): failed to open stream: No such file or directory in /home/omd9e55u/app_rb_folder/app/Http/Controllers/Auth/RegisterController.php:26
Stack trace:
#0 /home/omd9e55u/app_rb_folder/app/Http/Controllers/Auth/RegisterController.php(26): Illuminate\Foundation\Bootstrap\HandleExceptions->handleError(2, 'require(/home/o...', '/home/omd9e55u/...', 26, Array)
#1 /home/omd9e55u/app_rb_folder/app/Http/Controllers/Auth/RegisterController.php(26): require()
#2 /home/omd9e55u/app_rb_folder/vendor/composer/ClassLoader.php(444): include('/home/omd9e55u/...')
#3 /home/omd9e55u/app_rb_folder/vendor/composer/ClassLoader.php(322): Composer\Autoload\includeFile('/home/omd9e55u/...')
#4 [internal function]: Composer\Autoload\ClassLoader->loadClass('App\\Http\\Contro...')
#5 [internal function]: spl_autoload_call('App\\Http\\Contro...')
#6 /home/omd9e55u/app_rb_folder/vendor/laravel/framework/src/Illuminate/Contai in /home/omd9e55u/app_rb_folder/app/Http/Controllers/Auth/RegisterController.php on line 26
[21-May-2021 05:06:15 Asia/Dhaka] PHP Fatal error:  main(): Failed opening required '/home/omd9e55u/app.robotbulls.comapp_rb_folder/app/Http/Controllers/Auth/autodoad.php' (include_path='.:/opt/cpanel/ea-php73/root/usr/share/pear') in /home/omd9e55u/app_rb_folder/app/Http/Controllers/Auth/RegisterController.php on line 26
[21-May-2021 05:07:22 Asia/Dhaka] PHP Warning:  Uncaught ErrorException: require(/home/omd9e55u/app.robotbulls.com/app_rb_folder/app/Http/Controllers/Auth/autodoad.php): failed to open stream: No such file or directory in /home/omd9e55u/app_rb_folder/app/Http/Controllers/Auth/RegisterController.php:26
Stack trace:
#0 /home/omd9e55u/app_rb_folder/app/Http/Controllers/Auth/RegisterController.php(26): Illuminate\Foundation\Bootstrap\HandleExceptions->handleError(2, 'require(/home/o...', '/home/omd9e55u/...', 26, Array)
#1 /home/omd9e55u/app_rb_folder/app/Http/Controllers/Auth/RegisterController.php(26): require()
#2 /home/omd9e55u/app_rb_folder/vendor/composer/ClassLoader.php(444): include('/home/omd9e55u/...')
#3 /home/omd9e55u/app_rb_folder/vendor/composer/ClassLoader.php(322): Composer\Autoload\includeFile('/home/omd9e55u/...')
#4 [internal function]: Composer\Autoload\ClassLoader->loadClass('App\\Http\\Contro...')
#5 [internal function]: spl_autoload_call('App\\Http\\Contro...')
#6 /home/omd9e55u/app_rb_folder/vendor/laravel/framework/src/Illuminate/Conta in /home/omd9e55u/app_rb_folder/app/Http/Controllers/Auth/RegisterController.php on line 26
[21-May-2021 05:07:22 Asia/Dhaka] PHP Fatal error:  main(): Failed opening required '/home/omd9e55u/app.robotbulls.com/app_rb_folder/app/Http/Controllers/Auth/autodoad.php' (include_path='.:/opt/cpanel/ea-php73/root/usr/share/pear') in /home/omd9e55u/app_rb_folder/app/Http/Controllers/Auth/RegisterController.php on line 26
[21-May-2021 05:07:24 Asia/Dhaka] PHP Warning:  Uncaught ErrorException: require(/home/omd9e55u/app.robotbulls.com/app_rb_folder/app/Http/Controllers/Auth/autodoad.php): failed to open stream: No such file or directory in /home/omd9e55u/app_rb_folder/app/Http/Controllers/Auth/RegisterController.php:26
Stack trace:
#0 /home/omd9e55u/app_rb_folder/app/Http/Controllers/Auth/RegisterController.php(26): Illuminate\Foundation\Bootstrap\HandleExceptions->handleError(2, 'require(/home/o...', '/home/omd9e55u/...', 26, Array)
#1 /home/omd9e55u/app_rb_folder/app/Http/Controllers/Auth/RegisterController.php(26): require()
#2 /home/omd9e55u/app_rb_folder/vendor/composer/ClassLoader.php(444): include('/home/omd9e55u/...')
#3 /home/omd9e55u/app_rb_folder/vendor/composer/ClassLoader.php(322): Composer\Autoload\includeFile('/home/omd9e55u/...')
#4 [internal function]: Composer\Autoload\ClassLoader->loadClass('App\\Http\\Contro...')
#5 [internal function]: spl_autoload_call('App\\Http\\Contro...')
#6 /home/omd9e55u/app_rb_folder/vendor/laravel/framework/src/Illuminate/Conta in /home/omd9e55u/app_rb_folder/app/Http/Controllers/Auth/RegisterController.php on line 26
[21-May-2021 05:07:24 Asia/Dhaka] PHP Fatal error:  main(): Failed opening required '/home/omd9e55u/app.robotbulls.com/app_rb_folder/app/Http/Controllers/Auth/autodoad.php' (include_path='.:/opt/cpanel/ea-php73/root/usr/share/pear') in /home/omd9e55u/app_rb_folder/app/Http/Controllers/Auth/RegisterController.php on line 26
[21-May-2021 05:07:26 Asia/Dhaka] PHP Warning:  Uncaught ErrorException: require(/home/omd9e55u/app.robotbulls.com/app_rb_folder/app/Http/Controllers/Auth/autodoad.php): failed to open stream: No such file or directory in /home/omd9e55u/app_rb_folder/app/Http/Controllers/Auth/RegisterController.php:26
Stack trace:
#0 /home/omd9e55u/app_rb_folder/app/Http/Controllers/Auth/RegisterController.php(26): Illuminate\Foundation\Bootstrap\HandleExceptions->handleError(2, 'require(/home/o...', '/home/omd9e55u/...', 26, Array)
#1 /home/omd9e55u/app_rb_folder/app/Http/Controllers/Auth/RegisterController.php(26): require()
#2 /home/omd9e55u/app_rb_folder/vendor/composer/ClassLoader.php(444): include('/home/omd9e55u/...')
#3 /home/omd9e55u/app_rb_folder/vendor/composer/ClassLoader.php(322): Composer\Autoload\includeFile('/home/omd9e55u/...')
#4 [internal function]: Composer\Autoload\ClassLoader->loadClass('App\\Http\\Contro...')
#5 [internal function]: spl_autoload_call('App\\Http\\Contro...')
#6 /home/omd9e55u/app_rb_folder/vendor/laravel/framework/src/Illuminate/Conta in /home/omd9e55u/app_rb_folder/app/Http/Controllers/Auth/RegisterController.php on line 26
[21-May-2021 05:07:26 Asia/Dhaka] PHP Fatal error:  main(): Failed opening required '/home/omd9e55u/app.robotbulls.com/app_rb_folder/app/Http/Controllers/Auth/autodoad.php' (include_path='.:/opt/cpanel/ea-php73/root/usr/share/pear') in /home/omd9e55u/app_rb_folder/app/Http/Controllers/Auth/RegisterController.php on line 26
[21-May-2021 05:08:41 Asia/Dhaka] PHP Warning:  Uncaught ErrorException: require(/home/omd9e55u/app.robotbulls.com../app_rb_folder/app/Http/Controllers/Auth/autodoad.php): failed to open stream: No such file or directory in /home/omd9e55u/app_rb_folder/app/Http/Controllers/Auth/RegisterController.php:26
Stack trace:
#0 /home/omd9e55u/app_rb_folder/app/Http/Controllers/Auth/RegisterController.php(26): Illuminate\Foundation\Bootstrap\HandleExceptions->handleError(2, 'require(/home/o...', '/home/omd9e55u/...', 26, Array)
#1 /home/omd9e55u/app_rb_folder/app/Http/Controllers/Auth/RegisterController.php(26): require()
#2 /home/omd9e55u/app_rb_folder/vendor/composer/ClassLoader.php(444): include('/home/omd9e55u/...')
#3 /home/omd9e55u/app_rb_folder/vendor/composer/ClassLoader.php(322): Composer\Autoload\includeFile('/home/omd9e55u/...')
#4 [internal function]: Composer\Autoload\ClassLoader->loadClass('App\\Http\\Contro...')
#5 [internal function]: spl_autoload_call('App\\Http\\Contro...')
#6 /home/omd9e55u/app_rb_folder/vendor/laravel/framework/src/Illuminate/Con in /home/omd9e55u/app_rb_folder/app/Http/Controllers/Auth/RegisterController.php on line 26
[21-May-2021 05:08:41 Asia/Dhaka] PHP Fatal error:  main(): Failed opening required '/home/omd9e55u/app.robotbulls.com../app_rb_folder/app/Http/Controllers/Auth/autodoad.php' (include_path='.:/opt/cpanel/ea-php73/root/usr/share/pear') in /home/omd9e55u/app_rb_folder/app/Http/Controllers/Auth/RegisterController.php on line 26
[21-May-2021 05:08:42 Asia/Dhaka] PHP Warning:  Uncaught ErrorException: require(/home/omd9e55u/app.robotbulls.com../app_rb_folder/app/Http/Controllers/Auth/autodoad.php): failed to open stream: No such file or directory in /home/omd9e55u/app_rb_folder/app/Http/Controllers/Auth/RegisterController.php:26
Stack trace:
#0 /home/omd9e55u/app_rb_folder/app/Http/Controllers/Auth/RegisterController.php(26): Illuminate\Foundation\Bootstrap\HandleExceptions->handleError(2, 'require(/home/o...', '/home/omd9e55u/...', 26, Array)
#1 /home/omd9e55u/app_rb_folder/app/Http/Controllers/Auth/RegisterController.php(26): require()
#2 /home/omd9e55u/app_rb_folder/vendor/composer/ClassLoader.php(444): include('/home/omd9e55u/...')
#3 /home/omd9e55u/app_rb_folder/vendor/composer/ClassLoader.php(322): Composer\Autoload\includeFile('/home/omd9e55u/...')
#4 [internal function]: Composer\Autoload\ClassLoader->loadClass('App\\Http\\Contro...')
#5 [internal function]: spl_autoload_call('App\\Http\\Contro...')
#6 /home/omd9e55u/app_rb_folder/vendor/laravel/framework/src/Illuminate/Con in /home/omd9e55u/app_rb_folder/app/Http/Controllers/Auth/RegisterController.php on line 26
[21-May-2021 05:08:42 Asia/Dhaka] PHP Fatal error:  main(): Failed opening required '/home/omd9e55u/app.robotbulls.com../app_rb_folder/app/Http/Controllers/Auth/autodoad.php' (include_path='.:/opt/cpanel/ea-php73/root/usr/share/pear') in /home/omd9e55u/app_rb_folder/app/Http/Controllers/Auth/RegisterController.php on line 26
[21-May-2021 05:08:45 Asia/Dhaka] PHP Warning:  Uncaught ErrorException: require(/home/omd9e55u/app.robotbulls.com../app_rb_folder/app/Http/Controllers/Auth/autodoad.php): failed to open stream: No such file or directory in /home/omd9e55u/app_rb_folder/app/Http/Controllers/Auth/RegisterController.php:26
Stack trace:
#0 /home/omd9e55u/app_rb_folder/app/Http/Controllers/Auth/RegisterController.php(26): Illuminate\Foundation\Bootstrap\HandleExceptions->handleError(2, 'require(/home/o...', '/home/omd9e55u/...', 26, Array)
#1 /home/omd9e55u/app_rb_folder/app/Http/Controllers/Auth/RegisterController.php(26): require()
#2 /home/omd9e55u/app_rb_folder/vendor/composer/ClassLoader.php(444): include('/home/omd9e55u/...')
#3 /home/omd9e55u/app_rb_folder/vendor/composer/ClassLoader.php(322): Composer\Autoload\includeFile('/home/omd9e55u/...')
#4 [internal function]: Composer\Autoload\ClassLoader->loadClass('App\\Http\\Contro...')
#5 [internal function]: spl_autoload_call('App\\Http\\Contro...')
#6 /home/omd9e55u/app_rb_folder/vendor/laravel/framework/src/Illuminate/Con in /home/omd9e55u/app_rb_folder/app/Http/Controllers/Auth/RegisterController.php on line 26
[21-May-2021 05:08:45 Asia/Dhaka] PHP Fatal error:  main(): Failed opening required '/home/omd9e55u/app.robotbulls.com../app_rb_folder/app/Http/Controllers/Auth/autodoad.php' (include_path='.:/opt/cpanel/ea-php73/root/usr/share/pear') in /home/omd9e55u/app_rb_folder/app/Http/Controllers/Auth/RegisterController.php on line 26
[21-May-2021 05:12:28 Asia/Dhaka] PHP Warning:  Uncaught ErrorException: require(../app_rb_folder/app/Http/Controllers/Auth/autodoad.php): failed to open stream: No such file or directory in /home/omd9e55u/app_rb_folder/app/Http/Controllers/Auth/RegisterController.php:27
Stack trace:
#0 /home/omd9e55u/app_rb_folder/app/Http/Controllers/Auth/RegisterController.php(27): Illuminate\Foundation\Bootstrap\HandleExceptions->handleError(2, 'require(../app_...', '/home/omd9e55u/...', 27, Array)
#1 /home/omd9e55u/app_rb_folder/app/Http/Controllers/Auth/RegisterController.php(27): require()
#2 /home/omd9e55u/app_rb_folder/vendor/composer/ClassLoader.php(444): include('/home/omd9e55u/...')
#3 /home/omd9e55u/app_rb_folder/vendor/composer/ClassLoader.php(322): Composer\Autoload\includeFile('/home/omd9e55u/...')
#4 [internal function]: Composer\Autoload\ClassLoader->loadClass('App\\Http\\Contro...')
#5 [internal function]: spl_autoload_call('App\\Http\\Contro...')
#6 /home/omd9e55u/app_rb_folder/vendor/laravel/framework/src/Illuminate/Container/Container.php(779): Reflec in /home/omd9e55u/app_rb_folder/app/Http/Controllers/Auth/RegisterController.php on line 27
[21-May-2021 05:12:28 Asia/Dhaka] PHP Fatal error:  main(): Failed opening required '../app_rb_folder/app/Http/Controllers/Auth/autodoad.php' (include_path='.:/opt/cpanel/ea-php73/root/usr/share/pear') in /home/omd9e55u/app_rb_folder/app/Http/Controllers/Auth/RegisterController.php on line 27
[21-May-2021 05:12:30 Asia/Dhaka] PHP Warning:  Uncaught ErrorException: require(../app_rb_folder/app/Http/Controllers/Auth/autodoad.php): failed to open stream: No such file or directory in /home/omd9e55u/app_rb_folder/app/Http/Controllers/Auth/RegisterController.php:27
Stack trace:
#0 /home/omd9e55u/app_rb_folder/app/Http/Controllers/Auth/RegisterController.php(27): Illuminate\Foundation\Bootstrap\HandleExceptions->handleError(2, 'require(../app_...', '/home/omd9e55u/...', 27, Array)
#1 /home/omd9e55u/app_rb_folder/app/Http/Controllers/Auth/RegisterController.php(27): require()
#2 /home/omd9e55u/app_rb_folder/vendor/composer/ClassLoader.php(444): include('/home/omd9e55u/...')
#3 /home/omd9e55u/app_rb_folder/vendor/composer/ClassLoader.php(322): Composer\Autoload\includeFile('/home/omd9e55u/...')
#4 [internal function]: Composer\Autoload\ClassLoader->loadClass('App\\Http\\Contro...')
#5 [internal function]: spl_autoload_call('App\\Http\\Contro...')
#6 /home/omd9e55u/app_rb_folder/vendor/laravel/framework/src/Illuminate/Container/Container.php(779): Reflec in /home/omd9e55u/app_rb_folder/app/Http/Controllers/Auth/RegisterController.php on line 27
[21-May-2021 05:12:30 Asia/Dhaka] PHP Fatal error:  main(): Failed opening required '../app_rb_folder/app/Http/Controllers/Auth/autodoad.php' (include_path='.:/opt/cpanel/ea-php73/root/usr/share/pear') in /home/omd9e55u/app_rb_folder/app/Http/Controllers/Auth/RegisterController.php on line 27
[21-May-2021 05:12:33 Asia/Dhaka] PHP Warning:  Uncaught ErrorException: require(../app_rb_folder/app/Http/Controllers/Auth/autodoad.php): failed to open stream: No such file or directory in /home/omd9e55u/app_rb_folder/app/Http/Controllers/Auth/RegisterController.php:27
Stack trace:
#0 /home/omd9e55u/app_rb_folder/app/Http/Controllers/Auth/RegisterController.php(27): Illuminate\Foundation\Bootstrap\HandleExceptions->handleError(2, 'require(../app_...', '/home/omd9e55u/...', 27, Array)
#1 /home/omd9e55u/app_rb_folder/app/Http/Controllers/Auth/RegisterController.php(27): require()
#2 /home/omd9e55u/app_rb_folder/vendor/composer/ClassLoader.php(444): include('/home/omd9e55u/...')
#3 /home/omd9e55u/app_rb_folder/vendor/composer/ClassLoader.php(322): Composer\Autoload\includeFile('/home/omd9e55u/...')
#4 [internal function]: Composer\Autoload\ClassLoader->loadClass('App\\Http\\Contro...')
#5 [internal function]: spl_autoload_call('App\\Http\\Contro...')
#6 /home/omd9e55u/app_rb_folder/vendor/laravel/framework/src/Illuminate/Container/Container.php(779): Reflec in /home/omd9e55u/app_rb_folder/app/Http/Controllers/Auth/RegisterController.php on line 27
[21-May-2021 05:12:33 Asia/Dhaka] PHP Fatal error:  main(): Failed opening required '../app_rb_folder/app/Http/Controllers/Auth/autodoad.php' (include_path='.:/opt/cpanel/ea-php73/root/usr/share/pear') in /home/omd9e55u/app_rb_folder/app/Http/Controllers/Auth/RegisterController.php on line 27
[21-May-2021 05:12:50 Asia/Dhaka] PHP Warning:  Uncaught ErrorException: require(../app_rb_folder/app/Http/Controllers/Auth/autodoad.php): failed to open stream: No such file or directory in /home/omd9e55u/app_rb_folder/app/Http/Controllers/Auth/RegisterController.php:27
Stack trace:
#0 /home/omd9e55u/app_rb_folder/app/Http/Controllers/Auth/RegisterController.php(27): Illuminate\Foundation\Bootstrap\HandleExceptions->handleError(2, 'require(../app_...', '/home/omd9e55u/...', 27, Array)
#1 /home/omd9e55u/app_rb_folder/app/Http/Controllers/Auth/RegisterController.php(27): require()
#2 /home/omd9e55u/app_rb_folder/vendor/composer/ClassLoader.php(444): include('/home/omd9e55u/...')
#3 /home/omd9e55u/app_rb_folder/vendor/composer/ClassLoader.php(322): Composer\Autoload\includeFile('/home/omd9e55u/...')
#4 [internal function]: Composer\Autoload\ClassLoader->loadClass('App\\Http\\Contro...')
#5 [internal function]: spl_autoload_call('App\\Http\\Contro...')
#6 /home/omd9e55u/app_rb_folder/vendor/laravel/framework/src/Illuminate/Container/Container.php(779): Reflec in /home/omd9e55u/app_rb_folder/app/Http/Controllers/Auth/RegisterController.php on line 27
[21-May-2021 05:12:50 Asia/Dhaka] PHP Fatal error:  main(): Failed opening required '../app_rb_folder/app/Http/Controllers/Auth/autodoad.php' (include_path='.:/opt/cpanel/ea-php73/root/usr/share/pear') in /home/omd9e55u/app_rb_folder/app/Http/Controllers/Auth/RegisterController.php on line 27
[21-May-2021 05:13:09 Asia/Dhaka] PHP Warning:  Uncaught ErrorException: require(/app_rb_folder/app/Http/Controllers/Auth/autodoad.php): failed to open stream: No such file or directory in /home/omd9e55u/app_rb_folder/app/Http/Controllers/Auth/RegisterController.php:27
Stack trace:
#0 /home/omd9e55u/app_rb_folder/app/Http/Controllers/Auth/RegisterController.php(27): Illuminate\Foundation\Bootstrap\HandleExceptions->handleError(2, 'require(/app_rb...', '/home/omd9e55u/...', 27, Array)
#1 /home/omd9e55u/app_rb_folder/app/Http/Controllers/Auth/RegisterController.php(27): require()
#2 /home/omd9e55u/app_rb_folder/vendor/composer/ClassLoader.php(444): include('/home/omd9e55u/...')
#3 /home/omd9e55u/app_rb_folder/vendor/composer/ClassLoader.php(322): Composer\Autoload\includeFile('/home/omd9e55u/...')
#4 [internal function]: Composer\Autoload\ClassLoader->loadClass('App\\Http\\Contro...')
#5 [internal function]: spl_autoload_call('App\\Http\\Contro...')
#6 /home/omd9e55u/app_rb_folder/vendor/laravel/framework/src/Illuminate/Container/Container.php(779): Reflecti in /home/omd9e55u/app_rb_folder/app/Http/Controllers/Auth/RegisterController.php on line 27
[21-May-2021 05:13:09 Asia/Dhaka] PHP Fatal error:  main(): Failed opening required '/app_rb_folder/app/Http/Controllers/Auth/autodoad.php' (include_path='.:/opt/cpanel/ea-php73/root/usr/share/pear') in /home/omd9e55u/app_rb_folder/app/Http/Controllers/Auth/RegisterController.php on line 27
[21-May-2021 05:13:11 Asia/Dhaka] PHP Warning:  Uncaught ErrorException: require(/app_rb_folder/app/Http/Controllers/Auth/autodoad.php): failed to open stream: No such file or directory in /home/omd9e55u/app_rb_folder/app/Http/Controllers/Auth/RegisterController.php:27
Stack trace:
#0 /home/omd9e55u/app_rb_folder/app/Http/Controllers/Auth/RegisterController.php(27): Illuminate\Foundation\Bootstrap\HandleExceptions->handleError(2, 'require(/app_rb...', '/home/omd9e55u/...', 27, Array)
#1 /home/omd9e55u/app_rb_folder/app/Http/Controllers/Auth/RegisterController.php(27): require()
#2 /home/omd9e55u/app_rb_folder/vendor/composer/ClassLoader.php(444): include('/home/omd9e55u/...')
#3 /home/omd9e55u/app_rb_folder/vendor/composer/ClassLoader.php(322): Composer\Autoload\includeFile('/home/omd9e55u/...')
#4 [internal function]: Composer\Autoload\ClassLoader->loadClass('App\\Http\\Contro...')
#5 [internal function]: spl_autoload_call('App\\Http\\Contro...')
#6 /home/omd9e55u/app_rb_folder/vendor/laravel/framework/src/Illuminate/Container/Container.php(779): Reflecti in /home/omd9e55u/app_rb_folder/app/Http/Controllers/Auth/RegisterController.php on line 27
[21-May-2021 05:13:11 Asia/Dhaka] PHP Fatal error:  main(): Failed opening required '/app_rb_folder/app/Http/Controllers/Auth/autodoad.php' (include_path='.:/opt/cpanel/ea-php73/root/usr/share/pear') in /home/omd9e55u/app_rb_folder/app/Http/Controllers/Auth/RegisterController.php on line 27
[21-May-2021 05:13:13 Asia/Dhaka] PHP Warning:  Uncaught ErrorException: require(/app_rb_folder/app/Http/Controllers/Auth/autodoad.php): failed to open stream: No such file or directory in /home/omd9e55u/app_rb_folder/app/Http/Controllers/Auth/RegisterController.php:27
Stack trace:
#0 /home/omd9e55u/app_rb_folder/app/Http/Controllers/Auth/RegisterController.php(27): Illuminate\Foundation\Bootstrap\HandleExceptions->handleError(2, 'require(/app_rb...', '/home/omd9e55u/...', 27, Array)
#1 /home/omd9e55u/app_rb_folder/app/Http/Controllers/Auth/RegisterController.php(27): require()
#2 /home/omd9e55u/app_rb_folder/vendor/composer/ClassLoader.php(444): include('/home/omd9e55u/...')
#3 /home/omd9e55u/app_rb_folder/vendor/composer/ClassLoader.php(322): Composer\Autoload\includeFile('/home/omd9e55u/...')
#4 [internal function]: Composer\Autoload\ClassLoader->loadClass('App\\Http\\Contro...')
#5 [internal function]: spl_autoload_call('App\\Http\\Contro...')
#6 /home/omd9e55u/app_rb_folder/vendor/laravel/framework/src/Illuminate/Container/Container.php(779): Reflecti in /home/omd9e55u/app_rb_folder/app/Http/Controllers/Auth/RegisterController.php on line 27
[21-May-2021 05:13:13 Asia/Dhaka] PHP Fatal error:  main(): Failed opening required '/app_rb_folder/app/Http/Controllers/Auth/autodoad.php' (include_path='.:/opt/cpanel/ea-php73/root/usr/share/pear') in /home/omd9e55u/app_rb_folder/app/Http/Controllers/Auth/RegisterController.php on line 27
[21-May-2021 05:15:02 Asia/Dhaka] PHP Warning:  Uncaught ErrorException: require(/app_rb_folder/app/Http/Controllers/Auth/autodoad.php): failed to open stream: No such file or directory in /home/omd9e55u/app_rb_folder/app/Http/Controllers/Auth/RegisterController.php:27
Stack trace:
#0 /home/omd9e55u/app_rb_folder/app/Http/Controllers/Auth/RegisterController.php(27): Illuminate\Foundation\Bootstrap\HandleExceptions->handleError(2, 'require(/app_rb...', '/home/omd9e55u/...', 27, Array)
#1 /home/omd9e55u/app_rb_folder/app/Http/Controllers/Auth/RegisterController.php(27): require()
#2 /home/omd9e55u/app_rb_folder/vendor/composer/ClassLoader.php(444): include('/home/omd9e55u/...')
#3 /home/omd9e55u/app_rb_folder/vendor/composer/ClassLoader.php(322): Composer\Autoload\includeFile('/home/omd9e55u/...')
#4 [internal function]: Composer\Autoload\ClassLoader->loadClass('App\\Http\\Contro...')
#5 [internal function]: spl_autoload_call('App\\Http\\Contro...')
#6 /home/omd9e55u/app_rb_folder/vendor/laravel/framework/src/Illuminate/Container/Container.php(779): Reflecti in /home/omd9e55u/app_rb_folder/app/Http/Controllers/Auth/RegisterController.php on line 27
[21-May-2021 05:15:02 Asia/Dhaka] PHP Fatal error:  main(): Failed opening required '/app_rb_folder/app/Http/Controllers/Auth/autodoad.php' (include_path='.:/opt/cpanel/ea-php73/root/usr/share/pear') in /home/omd9e55u/app_rb_folder/app/Http/Controllers/Auth/RegisterController.php on line 27
[21-May-2021 05:19:13 Asia/Dhaka] PHP Warning:  Uncaught ErrorException: require(/home/omd9e55u/app_rb_folder/app/Http/Controllers/Auth/autodoad.php): failed to open stream: No such file or directory in /home/omd9e55u/app_rb_folder/app/Http/Controllers/Auth/RegisterController.php:27
Stack trace:
#0 /home/omd9e55u/app_rb_folder/app/Http/Controllers/Auth/RegisterController.php(27): Illuminate\Foundation\Bootstrap\HandleExceptions->handleError(2, 'require(/home/o...', '/home/omd9e55u/...', 27, Array)
#1 /home/omd9e55u/app_rb_folder/app/Http/Controllers/Auth/RegisterController.php(27): require()
#2 /home/omd9e55u/app_rb_folder/vendor/composer/ClassLoader.php(444): include('/home/omd9e55u/...')
#3 /home/omd9e55u/app_rb_folder/vendor/composer/ClassLoader.php(322): Composer\Autoload\includeFile('/home/omd9e55u/...')
#4 [internal function]: Composer\Autoload\ClassLoader->loadClass('App\\Http\\Contro...')
#5 [internal function]: spl_autoload_call('App\\Http\\Contro...')
#6 /home/omd9e55u/app_rb_folder/vendor/laravel/framework/src/Illuminate/Container/Container.php( in /home/omd9e55u/app_rb_folder/app/Http/Controllers/Auth/RegisterController.php on line 27
[21-May-2021 05:19:13 Asia/Dhaka] PHP Fatal error:  main(): Failed opening required '/home/omd9e55u/app_rb_folder/app/Http/Controllers/Auth/autodoad.php' (include_path='.:/opt/cpanel/ea-php73/root/usr/share/pear') in /home/omd9e55u/app_rb_folder/app/Http/Controllers/Auth/RegisterController.php on line 27
[21-May-2021 05:19:15 Asia/Dhaka] PHP Warning:  Uncaught ErrorException: require(/home/omd9e55u/app_rb_folder/app/Http/Controllers/Auth/autodoad.php): failed to open stream: No such file or directory in /home/omd9e55u/app_rb_folder/app/Http/Controllers/Auth/RegisterController.php:27
Stack trace:
#0 /home/omd9e55u/app_rb_folder/app/Http/Controllers/Auth/RegisterController.php(27): Illuminate\Foundation\Bootstrap\HandleExceptions->handleError(2, 'require(/home/o...', '/home/omd9e55u/...', 27, Array)
#1 /home/omd9e55u/app_rb_folder/app/Http/Controllers/Auth/RegisterController.php(27): require()
#2 /home/omd9e55u/app_rb_folder/vendor/composer/ClassLoader.php(444): include('/home/omd9e55u/...')
#3 /home/omd9e55u/app_rb_folder/vendor/composer/ClassLoader.php(322): Composer\Autoload\includeFile('/home/omd9e55u/...')
#4 [internal function]: Composer\Autoload\ClassLoader->loadClass('App\\Http\\Contro...')
#5 [internal function]: spl_autoload_call('App\\Http\\Contro...')
#6 /home/omd9e55u/app_rb_folder/vendor/laravel/framework/src/Illuminate/Container/Container.php( in /home/omd9e55u/app_rb_folder/app/Http/Controllers/Auth/RegisterController.php on line 27
[21-May-2021 05:19:15 Asia/Dhaka] PHP Fatal error:  main(): Failed opening required '/home/omd9e55u/app_rb_folder/app/Http/Controllers/Auth/autodoad.php' (include_path='.:/opt/cpanel/ea-php73/root/usr/share/pear') in /home/omd9e55u/app_rb_folder/app/Http/Controllers/Auth/RegisterController.php on line 27
[21-May-2021 05:21:24 Asia/Dhaka] PHP Warning:  Uncaught ErrorException: require(/home/omd9e55u/app.robotbulls.com/app_rb_folder/app/Http/Controllers/Auth/autodoad.php): failed to open stream: No such file or directory in /home/omd9e55u/app_rb_folder/app/Http/Controllers/Auth/RegisterController.php:27
Stack trace:
#0 /home/omd9e55u/app_rb_folder/app/Http/Controllers/Auth/RegisterController.php(27): Illuminate\Foundation\Bootstrap\HandleExceptions->handleError(2, 'require(/home/o...', '/home/omd9e55u/...', 27, Array)
#1 /home/omd9e55u/app_rb_folder/app/Http/Controllers/Auth/RegisterController.php(27): require()
#2 /home/omd9e55u/app_rb_folder/vendor/composer/ClassLoader.php(444): include('/home/omd9e55u/...')
#3 /home/omd9e55u/app_rb_folder/vendor/composer/ClassLoader.php(322): Composer\Autoload\includeFile('/home/omd9e55u/...')
#4 [internal function]: Composer\Autoload\ClassLoader->loadClass('App\\Http\\Contro...')
#5 [internal function]: spl_autoload_call('App\\Http\\Contro...')
#6 /home/omd9e55u/app_rb_folder/vendor/laravel/framework/src/Illuminate/Conta in /home/omd9e55u/app_rb_folder/app/Http/Controllers/Auth/RegisterController.php on line 27
[21-May-2021 05:21:24 Asia/Dhaka] PHP Fatal error:  main(): Failed opening required '/home/omd9e55u/app.robotbulls.com/app_rb_folder/app/Http/Controllers/Auth/autodoad.php' (include_path='.:/opt/cpanel/ea-php73/root/usr/share/pear') in /home/omd9e55u/app_rb_folder/app/Http/Controllers/Auth/RegisterController.php on line 27
[21-May-2021 05:21:27 Asia/Dhaka] PHP Warning:  Uncaught ErrorException: require(/home/omd9e55u/app.robotbulls.com/app_rb_folder/app/Http/Controllers/Auth/autodoad.php): failed to open stream: No such file or directory in /home/omd9e55u/app_rb_folder/app/Http/Controllers/Auth/RegisterController.php:27
Stack trace:
#0 /home/omd9e55u/app_rb_folder/app/Http/Controllers/Auth/RegisterController.php(27): Illuminate\Foundation\Bootstrap\HandleExceptions->handleError(2, 'require(/home/o...', '/home/omd9e55u/...', 27, Array)
#1 /home/omd9e55u/app_rb_folder/app/Http/Controllers/Auth/RegisterController.php(27): require()
#2 /home/omd9e55u/app_rb_folder/vendor/composer/ClassLoader.php(444): include('/home/omd9e55u/...')
#3 /home/omd9e55u/app_rb_folder/vendor/composer/ClassLoader.php(322): Composer\Autoload\includeFile('/home/omd9e55u/...')
#4 [internal function]: Composer\Autoload\ClassLoader->loadClass('App\\Http\\Contro...')
#5 [internal function]: spl_autoload_call('App\\Http\\Contro...')
#6 /home/omd9e55u/app_rb_folder/vendor/laravel/framework/src/Illuminate/Conta in /home/omd9e55u/app_rb_folder/app/Http/Controllers/Auth/RegisterController.php on line 27
[21-May-2021 05:21:27 Asia/Dhaka] PHP Fatal error:  main(): Failed opening required '/home/omd9e55u/app.robotbulls.com/app_rb_folder/app/Http/Controllers/Auth/autodoad.php' (include_path='.:/opt/cpanel/ea-php73/root/usr/share/pear') in /home/omd9e55u/app_rb_folder/app/Http/Controllers/Auth/RegisterController.php on line 27
[21-May-2021 05:21:37 Asia/Dhaka] PHP Warning:  Uncaught ErrorException: require(/home/omd9e55u/app.robotbulls.com/app_rb_folder/app/Http/Controllers/Auth/autodoad.php): failed to open stream: No such file or directory in /home/omd9e55u/app_rb_folder/app/Http/Controllers/Auth/RegisterController.php:27
Stack trace:
#0 /home/omd9e55u/app_rb_folder/app/Http/Controllers/Auth/RegisterController.php(27): Illuminate\Foundation\Bootstrap\HandleExceptions->handleError(2, 'require(/home/o...', '/home/omd9e55u/...', 27, Array)
#1 /home/omd9e55u/app_rb_folder/app/Http/Controllers/Auth/RegisterController.php(27): require()
#2 /home/omd9e55u/app_rb_folder/vendor/composer/ClassLoader.php(444): include('/home/omd9e55u/...')
#3 /home/omd9e55u/app_rb_folder/vendor/composer/ClassLoader.php(322): Composer\Autoload\includeFile('/home/omd9e55u/...')
#4 [internal function]: Composer\Autoload\ClassLoader->loadClass('App\\Http\\Contro...')
#5 [internal function]: spl_autoload_call('App\\Http\\Contro...')
#6 /home/omd9e55u/app_rb_folder/vendor/laravel/framework/src/Illuminate/Conta in /home/omd9e55u/app_rb_folder/app/Http/Controllers/Auth/RegisterController.php on line 27
[21-May-2021 05:21:37 Asia/Dhaka] PHP Fatal error:  main(): Failed opening required '/home/omd9e55u/app.robotbulls.com/app_rb_folder/app/Http/Controllers/Auth/autodoad.php' (include_path='.:/opt/cpanel/ea-php73/root/usr/share/pear') in /home/omd9e55u/app_rb_folder/app/Http/Controllers/Auth/RegisterController.php on line 27
[21-May-2021 05:22:00 Asia/Dhaka] PHP Warning:  Uncaught ErrorException: require(/home/omd9e55u/app.robotbulls.com/app/Http/Controllers/Auth/autodoad.php): failed to open stream: No such file or directory in /home/omd9e55u/app_rb_folder/app/Http/Controllers/Auth/RegisterController.php:27
Stack trace:
#0 /home/omd9e55u/app_rb_folder/app/Http/Controllers/Auth/RegisterController.php(27): Illuminate\Foundation\Bootstrap\HandleExceptions->handleError(2, 'require(/home/o...', '/home/omd9e55u/...', 27, Array)
#1 /home/omd9e55u/app_rb_folder/app/Http/Controllers/Auth/RegisterController.php(27): require()
#2 /home/omd9e55u/app_rb_folder/vendor/composer/ClassLoader.php(444): include('/home/omd9e55u/...')
#3 /home/omd9e55u/app_rb_folder/vendor/composer/ClassLoader.php(322): Composer\Autoload\includeFile('/home/omd9e55u/...')
#4 [internal function]: Composer\Autoload\ClassLoader->loadClass('App\\Http\\Contro...')
#5 [internal function]: spl_autoload_call('App\\Http\\Contro...')
#6 /home/omd9e55u/app_rb_folder/vendor/laravel/framework/src/Illuminate/Container/Container in /home/omd9e55u/app_rb_folder/app/Http/Controllers/Auth/RegisterController.php on line 27
[21-May-2021 05:22:00 Asia/Dhaka] PHP Fatal error:  main(): Failed opening required '/home/omd9e55u/app.robotbulls.com/app/Http/Controllers/Auth/autodoad.php' (include_path='.:/opt/cpanel/ea-php73/root/usr/share/pear') in /home/omd9e55u/app_rb_folder/app/Http/Controllers/Auth/RegisterController.php on line 27
[21-May-2021 05:22:01 Asia/Dhaka] PHP Warning:  Uncaught ErrorException: require(/home/omd9e55u/app.robotbulls.com/app/Http/Controllers/Auth/autodoad.php): failed to open stream: No such file or directory in /home/omd9e55u/app_rb_folder/app/Http/Controllers/Auth/RegisterController.php:27
Stack trace:
#0 /home/omd9e55u/app_rb_folder/app/Http/Controllers/Auth/RegisterController.php(27): Illuminate\Foundation\Bootstrap\HandleExceptions->handleError(2, 'require(/home/o...', '/home/omd9e55u/...', 27, Array)
#1 /home/omd9e55u/app_rb_folder/app/Http/Controllers/Auth/RegisterController.php(27): require()
#2 /home/omd9e55u/app_rb_folder/vendor/composer/ClassLoader.php(444): include('/home/omd9e55u/...')
#3 /home/omd9e55u/app_rb_folder/vendor/composer/ClassLoader.php(322): Composer\Autoload\includeFile('/home/omd9e55u/...')
#4 [internal function]: Composer\Autoload\ClassLoader->loadClass('App\\Http\\Contro...')
#5 [internal function]: spl_autoload_call('App\\Http\\Contro...')
#6 /home/omd9e55u/app_rb_folder/vendor/laravel/framework/src/Illuminate/Container/Container in /home/omd9e55u/app_rb_folder/app/Http/Controllers/Auth/RegisterController.php on line 27
[21-May-2021 05:22:01 Asia/Dhaka] PHP Fatal error:  main(): Failed opening required '/home/omd9e55u/app.robotbulls.com/app/Http/Controllers/Auth/autodoad.php' (include_path='.:/opt/cpanel/ea-php73/root/usr/share/pear') in /home/omd9e55u/app_rb_folder/app/Http/Controllers/Auth/RegisterController.php on line 27
[21-May-2021 05:22:04 Asia/Dhaka] PHP Warning:  Uncaught ErrorException: require(/home/omd9e55u/app.robotbulls.com/app/Http/Controllers/Auth/autodoad.php): failed to open stream: No such file or directory in /home/omd9e55u/app_rb_folder/app/Http/Controllers/Auth/RegisterController.php:27
Stack trace:
#0 /home/omd9e55u/app_rb_folder/app/Http/Controllers/Auth/RegisterController.php(27): Illuminate\Foundation\Bootstrap\HandleExceptions->handleError(2, 'require(/home/o...', '/home/omd9e55u/...', 27, Array)
#1 /home/omd9e55u/app_rb_folder/app/Http/Controllers/Auth/RegisterController.php(27): require()
#2 /home/omd9e55u/app_rb_folder/vendor/composer/ClassLoader.php(444): include('/home/omd9e55u/...')
#3 /home/omd9e55u/app_rb_folder/vendor/composer/ClassLoader.php(322): Composer\Autoload\includeFile('/home/omd9e55u/...')
#4 [internal function]: Composer\Autoload\ClassLoader->loadClass('App\\Http\\Contro...')
#5 [internal function]: spl_autoload_call('App\\Http\\Contro...')
#6 /home/omd9e55u/app_rb_folder/vendor/laravel/framework/src/Illuminate/Container/Container in /home/omd9e55u/app_rb_folder/app/Http/Controllers/Auth/RegisterController.php on line 27
[21-May-2021 05:22:04 Asia/Dhaka] PHP Fatal error:  main(): Failed opening required '/home/omd9e55u/app.robotbulls.com/app/Http/Controllers/Auth/autodoad.php' (include_path='.:/opt/cpanel/ea-php73/root/usr/share/pear') in /home/omd9e55u/app_rb_folder/app/Http/Controllers/Auth/RegisterController.php on line 27
[21-May-2021 05:24:56 Asia/Dhaka] PHP Warning:  Uncaught ErrorException: require(/home/omd9e55u/app_rb_folder/app/Http/Controllers/Authautodoad.php): failed to open stream: No such file or directory in /home/omd9e55u/app_rb_folder/app/Http/Controllers/Auth/RegisterController.php:27
Stack trace:
#0 /home/omd9e55u/app_rb_folder/app/Http/Controllers/Auth/RegisterController.php(27): Illuminate\Foundation\Bootstrap\HandleExceptions->handleError(2, 'require(/home/o...', '/home/omd9e55u/...', 27, Array)
#1 /home/omd9e55u/app_rb_folder/app/Http/Controllers/Auth/RegisterController.php(27): require()
#2 /home/omd9e55u/app_rb_folder/vendor/composer/ClassLoader.php(444): include('/home/omd9e55u/...')
#3 /home/omd9e55u/app_rb_folder/vendor/composer/ClassLoader.php(322): Composer\Autoload\includeFile('/home/omd9e55u/...')
#4 [internal function]: Composer\Autoload\ClassLoader->loadClass('App\\Http\\Contro...')
#5 [internal function]: spl_autoload_call('App\\Http\\Contro...')
#6 /home/omd9e55u/app_rb_folder/vendor/laravel/framework/src/Illuminate/Container/Container.php(7 in /home/omd9e55u/app_rb_folder/app/Http/Controllers/Auth/RegisterController.php on line 27
[21-May-2021 05:24:56 Asia/Dhaka] PHP Fatal error:  main(): Failed opening required '/home/omd9e55u/app_rb_folder/app/Http/Controllers/Authautodoad.php' (include_path='.:/opt/cpanel/ea-php73/root/usr/share/pear') in /home/omd9e55u/app_rb_folder/app/Http/Controllers/Auth/RegisterController.php on line 27
[21-May-2021 05:24:57 Asia/Dhaka] PHP Warning:  Uncaught ErrorException: require(/home/omd9e55u/app_rb_folder/app/Http/Controllers/Authautodoad.php): failed to open stream: No such file or directory in /home/omd9e55u/app_rb_folder/app/Http/Controllers/Auth/RegisterController.php:27
Stack trace:
#0 /home/omd9e55u/app_rb_folder/app/Http/Controllers/Auth/RegisterController.php(27): Illuminate\Foundation\Bootstrap\HandleExceptions->handleError(2, 'require(/home/o...', '/home/omd9e55u/...', 27, Array)
#1 /home/omd9e55u/app_rb_folder/app/Http/Controllers/Auth/RegisterController.php(27): require()
#2 /home/omd9e55u/app_rb_folder/vendor/composer/ClassLoader.php(444): include('/home/omd9e55u/...')
#3 /home/omd9e55u/app_rb_folder/vendor/composer/ClassLoader.php(322): Composer\Autoload\includeFile('/home/omd9e55u/...')
#4 [internal function]: Composer\Autoload\ClassLoader->loadClass('App\\Http\\Contro...')
#5 [internal function]: spl_autoload_call('App\\Http\\Contro...')
#6 /home/omd9e55u/app_rb_folder/vendor/laravel/framework/src/Illuminate/Container/Container.php(7 in /home/omd9e55u/app_rb_folder/app/Http/Controllers/Auth/RegisterController.php on line 27
[21-May-2021 05:24:57 Asia/Dhaka] PHP Fatal error:  main(): Failed opening required '/home/omd9e55u/app_rb_folder/app/Http/Controllers/Authautodoad.php' (include_path='.:/opt/cpanel/ea-php73/root/usr/share/pear') in /home/omd9e55u/app_rb_folder/app/Http/Controllers/Auth/RegisterController.php on line 27
[21-May-2021 05:25:20 Asia/Dhaka] PHP Warning:  Uncaught ErrorException: require(/home/omd9e55u/app_rb_folder/app/Http/Controllers/Authautodoad.php): failed to open stream: No such file or directory in /home/omd9e55u/app_rb_folder/app/Http/Controllers/Auth/RegisterController.php:27
Stack trace:
#0 /home/omd9e55u/app_rb_folder/app/Http/Controllers/Auth/RegisterController.php(27): Illuminate\Foundation\Bootstrap\HandleExceptions->handleError(2, 'require(/home/o...', '/home/omd9e55u/...', 27, Array)
#1 /home/omd9e55u/app_rb_folder/app/Http/Controllers/Auth/RegisterController.php(27): require()
#2 /home/omd9e55u/app_rb_folder/vendor/composer/ClassLoader.php(444): include('/home/omd9e55u/...')
#3 /home/omd9e55u/app_rb_folder/vendor/composer/ClassLoader.php(322): Composer\Autoload\includeFile('/home/omd9e55u/...')
#4 [internal function]: Composer\Autoload\ClassLoader->loadClass('App\\Http\\Contro...')
#5 [internal function]: spl_autoload_call('App\\Http\\Contro...')
#6 /home/omd9e55u/app_rb_folder/vendor/laravel/framework/src/Illuminate/Container/Container.php(7 in /home/omd9e55u/app_rb_folder/app/Http/Controllers/Auth/RegisterController.php on line 27
[21-May-2021 05:25:20 Asia/Dhaka] PHP Fatal error:  main(): Failed opening required '/home/omd9e55u/app_rb_folder/app/Http/Controllers/Authautodoad.php' (include_path='.:/opt/cpanel/ea-php73/root/usr/share/pear') in /home/omd9e55u/app_rb_folder/app/Http/Controllers/Auth/RegisterController.php on line 27
[21-May-2021 05:25:55 Asia/Dhaka] PHP Warning:  Uncaught ErrorException: require(/home/omd9e55u/app_rb_folder/app/Http/Controllers/Auth/autodoad.php): failed to open stream: No such file or directory in /home/omd9e55u/app_rb_folder/app/Http/Controllers/Auth/RegisterController.php:27
Stack trace:
#0 /home/omd9e55u/app_rb_folder/app/Http/Controllers/Auth/RegisterController.php(27): Illuminate\Foundation\Bootstrap\HandleExceptions->handleError(2, 'require(/home/o...', '/home/omd9e55u/...', 27, Array)
#1 /home/omd9e55u/app_rb_folder/app/Http/Controllers/Auth/RegisterController.php(27): require()
#2 /home/omd9e55u/app_rb_folder/vendor/composer/ClassLoader.php(444): include('/home/omd9e55u/...')
#3 /home/omd9e55u/app_rb_folder/vendor/composer/ClassLoader.php(322): Composer\Autoload\includeFile('/home/omd9e55u/...')
#4 [internal function]: Composer\Autoload\ClassLoader->loadClass('App\\Http\\Contro...')
#5 [internal function]: spl_autoload_call('App\\Http\\Contro...')
#6 /home/omd9e55u/app_rb_folder/vendor/laravel/framework/src/Illuminate/Container/Container.php( in /home/omd9e55u/app_rb_folder/app/Http/Controllers/Auth/RegisterController.php on line 27
[21-May-2021 05:25:55 Asia/Dhaka] PHP Fatal error:  main(): Failed opening required '/home/omd9e55u/app_rb_folder/app/Http/Controllers/Auth/autodoad.php' (include_path='.:/opt/cpanel/ea-php73/root/usr/share/pear') in /home/omd9e55u/app_rb_folder/app/Http/Controllers/Auth/RegisterController.php on line 27
[21-May-2021 05:25:57 Asia/Dhaka] PHP Warning:  Uncaught ErrorException: require(/home/omd9e55u/app_rb_folder/app/Http/Controllers/Auth/autodoad.php): failed to open stream: No such file or directory in /home/omd9e55u/app_rb_folder/app/Http/Controllers/Auth/RegisterController.php:27
Stack trace:
#0 /home/omd9e55u/app_rb_folder/app/Http/Controllers/Auth/RegisterController.php(27): Illuminate\Foundation\Bootstrap\HandleExceptions->handleError(2, 'require(/home/o...', '/home/omd9e55u/...', 27, Array)
#1 /home/omd9e55u/app_rb_folder/app/Http/Controllers/Auth/RegisterController.php(27): require()
#2 /home/omd9e55u/app_rb_folder/vendor/composer/ClassLoader.php(444): include('/home/omd9e55u/...')
#3 /home/omd9e55u/app_rb_folder/vendor/composer/ClassLoader.php(322): Composer\Autoload\includeFile('/home/omd9e55u/...')
#4 [internal function]: Composer\Autoload\ClassLoader->loadClass('App\\Http\\Contro...')
#5 [internal function]: spl_autoload_call('App\\Http\\Contro...')
#6 /home/omd9e55u/app_rb_folder/vendor/laravel/framework/src/Illuminate/Container/Container.php( in /home/omd9e55u/app_rb_folder/app/Http/Controllers/Auth/RegisterController.php on line 27
[21-May-2021 05:25:57 Asia/Dhaka] PHP Fatal error:  main(): Failed opening required '/home/omd9e55u/app_rb_folder/app/Http/Controllers/Auth/autodoad.php' (include_path='.:/opt/cpanel/ea-php73/root/usr/share/pear') in /home/omd9e55u/app_rb_folder/app/Http/Controllers/Auth/RegisterController.php on line 27
[21-May-2021 05:27:13 Asia/Dhaka] PHP Warning:  Uncaught ErrorException: require(/home/omd9e55u/app_rb_folder/app/Http/Controllers/Auth/autodoad.php): failed to open stream: No such file or directory in /home/omd9e55u/app_rb_folder/app/Http/Controllers/Auth/RegisterController.php:27
Stack trace:
#0 /home/omd9e55u/app_rb_folder/app/Http/Controllers/Auth/RegisterController.php(27): Illuminate\Foundation\Bootstrap\HandleExceptions->handleError(2, 'require(/home/o...', '/home/omd9e55u/...', 27, Array)
#1 /home/omd9e55u/app_rb_folder/app/Http/Controllers/Auth/RegisterController.php(27): require()
#2 /home/omd9e55u/app_rb_folder/vendor/composer/ClassLoader.php(444): include('/home/omd9e55u/...')
#3 /home/omd9e55u/app_rb_folder/vendor/composer/ClassLoader.php(322): Composer\Autoload\includeFile('/home/omd9e55u/...')
#4 [internal function]: Composer\Autoload\ClassLoader->loadClass('App\\Http\\Contro...')
#5 [internal function]: spl_autoload_call('App\\Http\\Contro...')
#6 /home/omd9e55u/app_rb_folder/vendor/laravel/framework/src/Illuminate/Container/Container.php( in /home/omd9e55u/app_rb_folder/app/Http/Controllers/Auth/RegisterController.php on line 27
[21-May-2021 05:27:13 Asia/Dhaka] PHP Fatal error:  main(): Failed opening required '/home/omd9e55u/app_rb_folder/app/Http/Controllers/Auth/autodoad.php' (include_path='.:/opt/cpanel/ea-php73/root/usr/share/pear') in /home/omd9e55u/app_rb_folder/app/Http/Controllers/Auth/RegisterController.php on line 27
[21-May-2021 05:28:39 Asia/Dhaka] PHP Warning:  Uncaught ErrorException: require(/home/omd9e55u/app_rb_folder/app/Http/Controllers/Auth/autodoad.php): failed to open stream: No such file or directory in /home/omd9e55u/app_rb_folder/app/Http/Controllers/Auth/RegisterController.php:27
Stack trace:
#0 /home/omd9e55u/app_rb_folder/app/Http/Controllers/Auth/RegisterController.php(27): Illuminate\Foundation\Bootstrap\HandleExceptions->handleError(2, 'require(/home/o...', '/home/omd9e55u/...', 27, Array)
#1 /home/omd9e55u/app_rb_folder/app/Http/Controllers/Auth/RegisterController.php(27): require()
#2 /home/omd9e55u/app_rb_folder/vendor/composer/ClassLoader.php(444): include('/home/omd9e55u/...')
#3 /home/omd9e55u/app_rb_folder/vendor/composer/ClassLoader.php(322): Composer\Autoload\includeFile('/home/omd9e55u/...')
#4 [internal function]: Composer\Autoload\ClassLoader->loadClass('App\\Http\\Contro...')
#5 [internal function]: spl_autoload_call('App\\Http\\Contro...')
#6 /home/omd9e55u/app_rb_folder/vendor/laravel/framework/src/Illuminate/Container/Container.php( in /home/omd9e55u/app_rb_folder/app/Http/Controllers/Auth/RegisterController.php on line 27
[21-May-2021 05:28:39 Asia/Dhaka] PHP Fatal error:  main(): Failed opening required '/home/omd9e55u/app_rb_folder/app/Http/Controllers/Auth/autodoad.php' (include_path='.:/opt/cpanel/ea-php73/root/usr/share/pear') in /home/omd9e55u/app_rb_folder/app/Http/Controllers/Auth/RegisterController.php on line 27
[21-May-2021 14:05:45 Asia/Dhaka] PHP Warning:  Uncaught ErrorException: require(/home/omd9e55u/app_rb_folder/app/Http/Controllers/Auth/autodoad.php): failed to open stream: No such file or directory in /home/omd9e55u/app_rb_folder/app/Http/Controllers/Auth/RegisterController.php:27
Stack trace:
#0 /home/omd9e55u/app_rb_folder/app/Http/Controllers/Auth/RegisterController.php(27): Illuminate\Foundation\Bootstrap\HandleExceptions->handleError(2, 'require(/home/o...', '/home/omd9e55u/...', 27, Array)
#1 /home/omd9e55u/app_rb_folder/app/Http/Controllers/Auth/RegisterController.php(27): require()
#2 /home/omd9e55u/app_rb_folder/vendor/composer/ClassLoader.php(444): include('/home/omd9e55u/...')
#3 /home/omd9e55u/app_rb_folder/vendor/composer/ClassLoader.php(322): Composer\Autoload\includeFile('/home/omd9e55u/...')
#4 [internal function]: Composer\Autoload\ClassLoader->loadClass('App\\Http\\Contro...')
#5 [internal function]: spl_autoload_call('App\\Http\\Contro...')
#6 /home/omd9e55u/app_rb_folder/vendor/laravel/framework/src/Illuminate/Container/Container.php( in /home/omd9e55u/app_rb_folder/app/Http/Controllers/Auth/RegisterController.php on line 27
[21-May-2021 14:05:45 Asia/Dhaka] PHP Fatal error:  main(): Failed opening required '/home/omd9e55u/app_rb_folder/app/Http/Controllers/Auth/autodoad.php' (include_path='.:/opt/cpanel/ea-php73/root/usr/share/pear') in /home/omd9e55u/app_rb_folder/app/Http/Controllers/Auth/RegisterController.php on line 27
[21-May-2021 14:06:23 Asia/Dhaka] PHP Warning:  Uncaught ErrorException: require(/home/omd9e55u/app_rb_folder/app/Http/Controllers/Auth/autodoad.php): failed to open stream: No such file or directory in /home/omd9e55u/app_rb_folder/app/Http/Controllers/Auth/RegisterController.php:27
Stack trace:
#0 /home/omd9e55u/app_rb_folder/app/Http/Controllers/Auth/RegisterController.php(27): Illuminate\Foundation\Bootstrap\HandleExceptions->handleError(2, 'require(/home/o...', '/home/omd9e55u/...', 27, Array)
#1 /home/omd9e55u/app_rb_folder/app/Http/Controllers/Auth/RegisterController.php(27): require()
#2 /home/omd9e55u/app_rb_folder/vendor/composer/ClassLoader.php(444): include('/home/omd9e55u/...')
#3 /home/omd9e55u/app_rb_folder/vendor/composer/ClassLoader.php(322): Composer\Autoload\includeFile('/home/omd9e55u/...')
#4 [internal function]: Composer\Autoload\ClassLoader->loadClass('App\\Http\\Contro...')
#5 [internal function]: spl_autoload_call('App\\Http\\Contro...')
#6 /home/omd9e55u/app_rb_folder/vendor/laravel/framework/src/Illuminate/Container/Container.php( in /home/omd9e55u/app_rb_folder/app/Http/Controllers/Auth/RegisterController.php on line 27
[21-May-2021 14:06:23 Asia/Dhaka] PHP Fatal error:  main(): Failed opening required '/home/omd9e55u/app_rb_folder/app/Http/Controllers/Auth/autodoad.php' (include_path='.:/opt/cpanel/ea-php73/root/usr/share/pear') in /home/omd9e55u/app_rb_folder/app/Http/Controllers/Auth/RegisterController.php on line 27
[21-May-2021 14:06:26 Asia/Dhaka] PHP Warning:  Uncaught ErrorException: require(/home/omd9e55u/app_rb_folder/app/Http/Controllers/Auth/autodoad.php): failed to open stream: No such file or directory in /home/omd9e55u/app_rb_folder/app/Http/Controllers/Auth/RegisterController.php:27
Stack trace:
#0 /home/omd9e55u/app_rb_folder/app/Http/Controllers/Auth/RegisterController.php(27): Illuminate\Foundation\Bootstrap\HandleExceptions->handleError(2, 'require(/home/o...', '/home/omd9e55u/...', 27, Array)
#1 /home/omd9e55u/app_rb_folder/app/Http/Controllers/Auth/RegisterController.php(27): require()
#2 /home/omd9e55u/app_rb_folder/vendor/composer/ClassLoader.php(444): include('/home/omd9e55u/...')
#3 /home/omd9e55u/app_rb_folder/vendor/composer/ClassLoader.php(322): Composer\Autoload\includeFile('/home/omd9e55u/...')
#4 [internal function]: Composer\Autoload\ClassLoader->loadClass('App\\Http\\Contro...')
#5 [internal function]: spl_autoload_call('App\\Http\\Contro...')
#6 /home/omd9e55u/app_rb_folder/vendor/laravel/framework/src/Illuminate/Container/Container.php( in /home/omd9e55u/app_rb_folder/app/Http/Controllers/Auth/RegisterController.php on line 27
[21-May-2021 14:06:26 Asia/Dhaka] PHP Fatal error:  main(): Failed opening required '/home/omd9e55u/app_rb_folder/app/Http/Controllers/Auth/autodoad.php' (include_path='.:/opt/cpanel/ea-php73/root/usr/share/pear') in /home/omd9e55u/app_rb_folder/app/Http/Controllers/Auth/RegisterController.php on line 27
[06-Jun-2021 19:16:36 Asia/Dhaka] PHP Warning:  The use statement with non-compound name 'Auth' has no effect in /home/omd9e55u/app_rb_folder/storage/framework/views/128069379aae0fae2c354eb992132d3e93655e9e.php on line 5
[06-Jun-2021 19:16:54 Asia/Dhaka] PHP Warning:  The use statement with non-compound name 'Auth' has no effect in /home/omd9e55u/app_rb_folder/storage/framework/views/128069379aae0fae2c354eb992132d3e93655e9e.php on line 5
[06-Jun-2021 19:28:09 Asia/Dhaka] PHP Warning:  The use statement with non-compound name 'Auth' has no effect in /home/omd9e55u/app_rb_folder/storage/framework/views/128069379aae0fae2c354eb992132d3e93655e9e.php on line 5
[06-Jun-2021 19:28:28 Asia/Dhaka] PHP Warning:  The use statement with non-compound name 'Auth' has no effect in /home/omd9e55u/app_rb_folder/storage/framework/views/128069379aae0fae2c354eb992132d3e93655e9e.php on line 5
[06-Jun-2021 19:33:07 Asia/Dhaka] PHP Warning:  The use statement with non-compound name 'Auth' has no effect in /home/omd9e55u/app_rb_folder/storage/framework/views/128069379aae0fae2c354eb992132d3e93655e9e.php on line 5
[06-Jun-2021 19:34:09 Asia/Dhaka] PHP Warning:  The use statement with non-compound name 'Auth' has no effect in /home/omd9e55u/app_rb_folder/storage/framework/views/128069379aae0fae2c354eb992132d3e93655e9e.php on line 5
[06-Jun-2021 19:35:53 Asia/Dhaka] PHP Warning:  The use statement with non-compound name 'Auth' has no effect in /home/omd9e55u/app_rb_folder/storage/framework/views/128069379aae0fae2c354eb992132d3e93655e9e.php on line 5
[06-Jun-2021 19:37:23 Asia/Dhaka] PHP Warning:  The use statement with non-compound name 'Auth' has no effect in /home/omd9e55u/app_rb_folder/storage/framework/views/128069379aae0fae2c354eb992132d3e93655e9e.php on line 5
[06-Jun-2021 19:43:17 Asia/Dhaka] PHP Warning:  The use statement with non-compound name 'Auth' has no effect in /home/omd9e55u/app_rb_folder/storage/framework/views/128069379aae0fae2c354eb992132d3e93655e9e.php on line 5
[06-Jun-2021 19:45:27 Asia/Dhaka] PHP Warning:  The use statement with non-compound name 'Auth' has no effect in /home/omd9e55u/app_rb_folder/storage/framework/views/128069379aae0fae2c354eb992132d3e93655e9e.php on line 5
[06-Jun-2021 19:47:37 Asia/Dhaka] PHP Warning:  The use statement with non-compound name 'Auth' has no effect in /home/omd9e55u/app_rb_folder/storage/framework/views/128069379aae0fae2c354eb992132d3e93655e9e.php on line 5
[06-Jun-2021 19:48:06 Asia/Dhaka] PHP Warning:  The use statement with non-compound name 'Auth' has no effect in /home/omd9e55u/app_rb_folder/storage/framework/views/128069379aae0fae2c354eb992132d3e93655e9e.php on line 5
[06-Jun-2021 19:49:19 Asia/Dhaka] PHP Warning:  The use statement with non-compound name 'Auth' has no effect in /home/omd9e55u/app_rb_folder/storage/framework/views/128069379aae0fae2c354eb992132d3e93655e9e.php on line 5
[06-Jun-2021 19:49:38 Asia/Dhaka] PHP Warning:  The use statement with non-compound name 'Auth' has no effect in /home/omd9e55u/app_rb_folder/storage/framework/views/128069379aae0fae2c354eb992132d3e93655e9e.php on line 5
[06-Jun-2021 19:55:58 Asia/Dhaka] PHP Warning:  The use statement with non-compound name 'Auth' has no effect in /home/omd9e55u/app_rb_folder/storage/framework/views/128069379aae0fae2c354eb992132d3e93655e9e.php on line 5
[06-Jun-2021 19:56:22 Asia/Dhaka] PHP Warning:  The use statement with non-compound name 'Auth' has no effect in /home/omd9e55u/app_rb_folder/storage/framework/views/128069379aae0fae2c354eb992132d3e93655e9e.php on line 5
[06-Jun-2021 20:01:47 Asia/Dhaka] PHP Warning:  The use statement with non-compound name 'Auth' has no effect in /home/omd9e55u/app_rb_folder/storage/framework/views/128069379aae0fae2c354eb992132d3e93655e9e.php on line 5
[06-Jun-2021 20:04:14 Asia/Dhaka] PHP Warning:  The use statement with non-compound name 'Auth' has no effect in /home/omd9e55u/app_rb_folder/storage/framework/views/128069379aae0fae2c354eb992132d3e93655e9e.php on line 5
[06-Jun-2021 20:05:21 Asia/Dhaka] PHP Warning:  The use statement with non-compound name 'Auth' has no effect in /home/omd9e55u/app_rb_folder/storage/framework/views/128069379aae0fae2c354eb992132d3e93655e9e.php on line 5
[06-Jun-2021 20:06:00 Asia/Dhaka] PHP Warning:  The use statement with non-compound name 'Auth' has no effect in /home/omd9e55u/app_rb_folder/storage/framework/views/128069379aae0fae2c354eb992132d3e93655e9e.php on line 5
[06-Jun-2021 20:06:38 Asia/Dhaka] PHP Warning:  The use statement with non-compound name 'Auth' has no effect in /home/omd9e55u/app_rb_folder/storage/framework/views/128069379aae0fae2c354eb992132d3e93655e9e.php on line 5
[06-Jun-2021 20:07:19 Asia/Dhaka] PHP Warning:  The use statement with non-compound name 'Auth' has no effect in /home/omd9e55u/app_rb_folder/storage/framework/views/128069379aae0fae2c354eb992132d3e93655e9e.php on line 5
[06-Jun-2021 20:10:12 Asia/Dhaka] PHP Warning:  The use statement with non-compound name 'Auth' has no effect in /home/omd9e55u/app_rb_folder/storage/framework/views/128069379aae0fae2c354eb992132d3e93655e9e.php on line 5
[06-Jun-2021 20:10:59 Asia/Dhaka] PHP Warning:  The use statement with non-compound name 'Auth' has no effect in /home/omd9e55u/app_rb_folder/storage/framework/views/128069379aae0fae2c354eb992132d3e93655e9e.php on line 5
[06-Jun-2021 20:11:43 Asia/Dhaka] PHP Warning:  The use statement with non-compound name 'Auth' has no effect in /home/omd9e55u/app_rb_folder/storage/framework/views/128069379aae0fae2c354eb992132d3e93655e9e.php on line 5
[06-Jun-2021 20:12:05 Asia/Dhaka] PHP Warning:  The use statement with non-compound name 'Auth' has no effect in /home/omd9e55u/app_rb_folder/storage/framework/views/128069379aae0fae2c354eb992132d3e93655e9e.php on line 5
[06-Jun-2021 20:12:44 Asia/Dhaka] PHP Warning:  The use statement with non-compound name 'Auth' has no effect in /home/omd9e55u/app_rb_folder/storage/framework/views/128069379aae0fae2c354eb992132d3e93655e9e.php on line 5
[06-Jun-2021 20:20:14 Asia/Dhaka] PHP Warning:  The use statement with non-compound name 'Auth' has no effect in /home/omd9e55u/app_rb_folder/storage/framework/views/128069379aae0fae2c354eb992132d3e93655e9e.php on line 5
[06-Jun-2021 20:20:59 Asia/Dhaka] PHP Warning:  The use statement with non-compound name 'Auth' has no effect in /home/omd9e55u/app_rb_folder/storage/framework/views/128069379aae0fae2c354eb992132d3e93655e9e.php on line 5
[06-Jun-2021 20:23:00 Asia/Dhaka] PHP Warning:  The use statement with non-compound name 'Auth' has no effect in /home/omd9e55u/app_rb_folder/storage/framework/views/128069379aae0fae2c354eb992132d3e93655e9e.php on line 5
[06-Jun-2021 20:23:39 Asia/Dhaka] PHP Warning:  The use statement with non-compound name 'Auth' has no effect in /home/omd9e55u/app_rb_folder/storage/framework/views/128069379aae0fae2c354eb992132d3e93655e9e.php on line 5
[06-Jun-2021 20:23:49 Asia/Dhaka] PHP Warning:  The use statement with non-compound name 'Auth' has no effect in /home/omd9e55u/app_rb_folder/storage/framework/views/128069379aae0fae2c354eb992132d3e93655e9e.php on line 5
[06-Jun-2021 20:25:07 Asia/Dhaka] PHP Warning:  The use statement with non-compound name 'Auth' has no effect in /home/omd9e55u/app_rb_folder/storage/framework/views/128069379aae0fae2c354eb992132d3e93655e9e.php on line 5
[06-Jun-2021 20:29:06 Asia/Dhaka] PHP Warning:  The use statement with non-compound name 'Auth' has no effect in /home/omd9e55u/app_rb_folder/storage/framework/views/128069379aae0fae2c354eb992132d3e93655e9e.php on line 5
[06-Jun-2021 20:30:00 Asia/Dhaka] PHP Warning:  The use statement with non-compound name 'Auth' has no effect in /home/omd9e55u/app_rb_folder/storage/framework/views/128069379aae0fae2c354eb992132d3e93655e9e.php on line 5
[06-Jun-2021 20:34:32 Asia/Dhaka] PHP Warning:  The use statement with non-compound name 'Auth' has no effect in /home/omd9e55u/app_rb_folder/storage/framework/views/128069379aae0fae2c354eb992132d3e93655e9e.php on line 5
[06-Jun-2021 20:35:03 Asia/Dhaka] PHP Warning:  The use statement with non-compound name 'Auth' has no effect in /home/omd9e55u/app_rb_folder/storage/framework/views/128069379aae0fae2c354eb992132d3e93655e9e.php on line 5
[06-Jun-2021 20:36:42 Asia/Dhaka] PHP Warning:  The use statement with non-compound name 'Auth' has no effect in /home/omd9e55u/app_rb_folder/storage/framework/views/128069379aae0fae2c354eb992132d3e93655e9e.php on line 5
[06-Jun-2021 20:38:16 Asia/Dhaka] PHP Warning:  The use statement with non-compound name 'Auth' has no effect in /home/omd9e55u/app_rb_folder/storage/framework/views/128069379aae0fae2c354eb992132d3e93655e9e.php on line 5
[06-Jun-2021 20:39:16 Asia/Dhaka] PHP Warning:  The use statement with non-compound name 'Auth' has no effect in /home/omd9e55u/app_rb_folder/storage/framework/views/128069379aae0fae2c354eb992132d3e93655e9e.php on line 5
[06-Jun-2021 20:40:23 Asia/Dhaka] PHP Warning:  The use statement with non-compound name 'Auth' has no effect in /home/omd9e55u/app_rb_folder/storage/framework/views/128069379aae0fae2c354eb992132d3e93655e9e.php on line 5
[06-Jun-2021 20:40:54 Asia/Dhaka] PHP Warning:  The use statement with non-compound name 'Auth' has no effect in /home/omd9e55u/app_rb_folder/storage/framework/views/128069379aae0fae2c354eb992132d3e93655e9e.php on line 5
[06-Jun-2021 20:42:02 Asia/Dhaka] PHP Warning:  The use statement with non-compound name 'Auth' has no effect in /home/omd9e55u/app_rb_folder/storage/framework/views/128069379aae0fae2c354eb992132d3e93655e9e.php on line 5
[06-Jun-2021 20:43:26 Asia/Dhaka] PHP Warning:  The use statement with non-compound name 'Auth' has no effect in /home/omd9e55u/app_rb_folder/storage/framework/views/128069379aae0fae2c354eb992132d3e93655e9e.php on line 5
[06-Jun-2021 21:16:30 Asia/Dhaka] PHP Warning:  The use statement with non-compound name 'Auth' has no effect in /home/omd9e55u/app_rb_folder/storage/framework/views/128069379aae0fae2c354eb992132d3e93655e9e.php on line 5
[07-Jun-2021 00:33:32 Asia/Dhaka] PHP Warning:  The use statement with non-compound name 'Auth' has no effect in /home/omd9e55u/app_rb_folder/storage/framework/views/128069379aae0fae2c354eb992132d3e93655e9e.php on line 5
[07-Jun-2021 01:14:01 Asia/Dhaka] PHP Warning:  The use statement with non-compound name 'Auth' has no effect in /home/omd9e55u/app_rb_folder/storage/framework/views/128069379aae0fae2c354eb992132d3e93655e9e.php on line 5
[07-Jun-2021 04:05:09 Asia/Dhaka] PHP Warning:  The use statement with non-compound name 'Auth' has no effect in /home/omd9e55u/app_rb_folder/storage/framework/views/128069379aae0fae2c354eb992132d3e93655e9e.php on line 5
[07-Jun-2021 04:05:15 Asia/Dhaka] PHP Warning:  The use statement with non-compound name 'Auth' has no effect in /home/omd9e55u/app_rb_folder/storage/framework/views/128069379aae0fae2c354eb992132d3e93655e9e.php on line 5
[07-Jun-2021 05:32:50 Asia/Dhaka] PHP Warning:  The use statement with non-compound name 'Auth' has no effect in /home/omd9e55u/app_rb_folder/storage/framework/views/128069379aae0fae2c354eb992132d3e93655e9e.php on line 5
[08-Jun-2021 23:58:39 Asia/Dhaka] PHP Warning:  The use statement with non-compound name 'Auth' has no effect in /home/omd9e55u/app_rb_folder/storage/framework/views/128069379aae0fae2c354eb992132d3e93655e9e.php on line 5
[09-Jun-2021 02:54:40 Asia/Dhaka] PHP Warning:  The use statement with non-compound name 'Auth' has no effect in /home/omd9e55u/app_rb_folder/storage/framework/views/128069379aae0fae2c354eb992132d3e93655e9e.php on line 5
[09-Jun-2021 13:28:32 Asia/Dhaka] PHP Warning:  The use statement with non-compound name 'Auth' has no effect in /home/omd9e55u/app_rb_folder/storage/framework/views/128069379aae0fae2c354eb992132d3e93655e9e.php on line 5
[10-Jun-2021 00:24:03 Asia/Dhaka] PHP Warning:  The use statement with non-compound name 'Auth' has no effect in /home/omd9e55u/app_rb_folder/storage/framework/views/128069379aae0fae2c354eb992132d3e93655e9e.php on line 5
[10-Jun-2021 02:10:33 Asia/Dhaka] PHP Warning:  The use statement with non-compound name 'Auth' has no effect in /home/omd9e55u/app_rb_folder/storage/framework/views/128069379aae0fae2c354eb992132d3e93655e9e.php on line 5
[10-Jun-2021 13:38:14 Asia/Dhaka] PHP Warning:  The use statement with non-compound name 'Auth' has no effect in /home/omd9e55u/app_rb_folder/storage/framework/views/128069379aae0fae2c354eb992132d3e93655e9e.php on line 5
[11-Jun-2021 03:52:06 Asia/Dhaka] PHP Warning:  The use statement with non-compound name 'Auth' has no effect in /home/omd9e55u/app_rb_folder/storage/framework/views/128069379aae0fae2c354eb992132d3e93655e9e.php on line 5
[11-Jun-2021 14:34:48 Asia/Dhaka] PHP Warning:  The use statement with non-compound name 'Auth' has no effect in /home/omd9e55u/app_rb_folder/storage/framework/views/128069379aae0fae2c354eb992132d3e93655e9e.php on line 5
[11-Jun-2021 16:05:13 Asia/Dhaka] PHP Warning:  The use statement with non-compound name 'Auth' has no effect in /home/omd9e55u/app_rb_folder/storage/framework/views/128069379aae0fae2c354eb992132d3e93655e9e.php on line 5
[11-Jun-2021 16:09:15 Asia/Dhaka] PHP Warning:  The use statement with non-compound name 'Auth' has no effect in /home/omd9e55u/app_rb_folder/storage/framework/views/128069379aae0fae2c354eb992132d3e93655e9e.php on line 5
[11-Jun-2021 16:14:52 Asia/Dhaka] PHP Warning:  The use statement with non-compound name 'Auth' has no effect in /home/omd9e55u/app_rb_folder/storage/framework/views/128069379aae0fae2c354eb992132d3e93655e9e.php on line 5
[11-Jun-2021 16:35:17 Asia/Dhaka] PHP Warning:  The use statement with non-compound name 'Auth' has no effect in /home/omd9e55u/app_rb_folder/storage/framework/views/128069379aae0fae2c354eb992132d3e93655e9e.php on line 5
[11-Jun-2021 17:59:54 Asia/Dhaka] PHP Warning:  The use statement with non-compound name 'Auth' has no effect in /home/omd9e55u/app_rb_folder/storage/framework/views/128069379aae0fae2c354eb992132d3e93655e9e.php on line 5
[11-Jun-2021 18:07:20 Asia/Dhaka] PHP Warning:  The use statement with non-compound name 'Auth' has no effect in /home/omd9e55u/app_rb_folder/storage/framework/views/128069379aae0fae2c354eb992132d3e93655e9e.php on line 5
[11-Jun-2021 18:45:22 Asia/Dhaka] PHP Warning:  The use statement with non-compound name 'Auth' has no effect in /home/omd9e55u/app_rb_folder/storage/framework/views/128069379aae0fae2c354eb992132d3e93655e9e.php on line 5
[11-Jun-2021 20:31:26 Asia/Dhaka] PHP Warning:  The use statement with non-compound name 'Auth' has no effect in /home/omd9e55u/app_rb_folder/storage/framework/views/128069379aae0fae2c354eb992132d3e93655e9e.php on line 5
[11-Jun-2021 21:00:18 Asia/Dhaka] PHP Warning:  The use statement with non-compound name 'Auth' has no effect in /home/omd9e55u/app_rb_folder/storage/framework/views/128069379aae0fae2c354eb992132d3e93655e9e.php on line 5
[11-Jun-2021 21:08:49 Asia/Dhaka] PHP Warning:  The use statement with non-compound name 'Auth' has no effect in /home/omd9e55u/app_rb_folder/storage/framework/views/128069379aae0fae2c354eb992132d3e93655e9e.php on line 5
[11-Jun-2021 21:51:26 Asia/Dhaka] PHP Warning:  The use statement with non-compound name 'Auth' has no effect in /home/omd9e55u/app_rb_folder/storage/framework/views/128069379aae0fae2c354eb992132d3e93655e9e.php on line 5
[12-Jun-2021 13:46:53 Asia/Dhaka] PHP Warning:  The use statement with non-compound name 'Auth' has no effect in /home/omd9e55u/app_rb_folder/storage/framework/views/128069379aae0fae2c354eb992132d3e93655e9e.php on line 5
[12-Jun-2021 20:49:43 Asia/Dhaka] PHP Warning:  The use statement with non-compound name 'Auth' has no effect in /home/omd9e55u/app_rb_folder/storage/framework/views/128069379aae0fae2c354eb992132d3e93655e9e.php on line 5
[12-Jun-2021 21:04:18 Asia/Dhaka] PHP Warning:  The use statement with non-compound name 'Auth' has no effect in /home/omd9e55u/app_rb_folder/storage/framework/views/128069379aae0fae2c354eb992132d3e93655e9e.php on line 5
[12-Jun-2021 21:20:13 Asia/Dhaka] PHP Warning:  The use statement with non-compound name 'Auth' has no effect in /home/omd9e55u/app_rb_folder/storage/framework/views/128069379aae0fae2c354eb992132d3e93655e9e.php on line 5
[12-Jun-2021 23:49:58 Asia/Dhaka] PHP Warning:  The use statement with non-compound name 'Auth' has no effect in /home/omd9e55u/app_rb_folder/storage/framework/views/128069379aae0fae2c354eb992132d3e93655e9e.php on line 5
[13-Jun-2021 16:38:22 Asia/Dhaka] PHP Warning:  The use statement with non-compound name 'Auth' has no effect in /home/omd9e55u/app_rb_folder/storage/framework/views/128069379aae0fae2c354eb992132d3e93655e9e.php on line 5
[13-Jun-2021 18:33:29 Asia/Dhaka] PHP Warning:  The use statement with non-compound name 'Auth' has no effect in /home/omd9e55u/app_rb_folder/storage/framework/views/128069379aae0fae2c354eb992132d3e93655e9e.php on line 5
[13-Jun-2021 18:35:26 Asia/Dhaka] PHP Warning:  The use statement with non-compound name 'Auth' has no effect in /home/omd9e55u/app_rb_folder/storage/framework/views/128069379aae0fae2c354eb992132d3e93655e9e.php on line 5
[13-Jun-2021 20:02:11 Asia/Dhaka] PHP Warning:  The use statement with non-compound name 'Auth' has no effect in /home/omd9e55u/app_rb_folder/storage/framework/views/128069379aae0fae2c354eb992132d3e93655e9e.php on line 5
[14-Jun-2021 20:46:47 Asia/Dhaka] PHP Warning:  The use statement with non-compound name 'Auth' has no effect in /home/omd9e55u/app_rb_folder/storage/framework/views/128069379aae0fae2c354eb992132d3e93655e9e.php on line 5
[15-Jun-2021 02:00:40 Asia/Dhaka] PHP Warning:  The use statement with non-compound name 'Auth' has no effect in /home/omd9e55u/app_rb_folder/storage/framework/views/128069379aae0fae2c354eb992132d3e93655e9e.php on line 5
[15-Jun-2021 02:30:53 Asia/Dhaka] PHP Warning:  The use statement with non-compound name 'Auth' has no effect in /home/omd9e55u/app_rb_folder/storage/framework/views/128069379aae0fae2c354eb992132d3e93655e9e.php on line 5
[15-Jun-2021 19:21:59 Asia/Dhaka] PHP Warning:  The use statement with non-compound name 'Auth' has no effect in /home/omd9e55u/app_rb_folder/storage/framework/views/128069379aae0fae2c354eb992132d3e93655e9e.php on line 5
[15-Jun-2021 20:41:11 Asia/Dhaka] PHP Warning:  The use statement with non-compound name 'Auth' has no effect in /home/omd9e55u/app_rb_folder/storage/framework/views/128069379aae0fae2c354eb992132d3e93655e9e.php on line 5
[16-Jun-2021 00:09:28 Asia/Dhaka] PHP Warning:  The use statement with non-compound name 'Auth' has no effect in /home/omd9e55u/app_rb_folder/storage/framework/views/128069379aae0fae2c354eb992132d3e93655e9e.php on line 5
[16-Jun-2021 12:33:13 Europe/Sofia] PHP Warning:  Use of undefined constant None - assumed 'None' (this will throw an Error in a future version of PHP) in /home/omd9e55u/app_rb_folder/config/session.php on line 199
[16-Jun-2021 12:33:13 Europe/Sofia] PHP Warning:  Use of undefined constant Secure - assumed 'Secure' (this will throw an Error in a future version of PHP) in /home/omd9e55u/app_rb_folder/config/session.php on line 199
[16-Jun-2021 12:33:22 Europe/Sofia] PHP Warning:  Use of undefined constant None - assumed 'None' (this will throw an Error in a future version of PHP) in /home/omd9e55u/app_rb_folder/config/session.php on line 199
[16-Jun-2021 12:33:22 Europe/Sofia] PHP Warning:  Use of undefined constant Secure - assumed 'Secure' (this will throw an Error in a future version of PHP) in /home/omd9e55u/app_rb_folder/config/session.php on line 199
[16-Jun-2021 12:33:24 Europe/Sofia] PHP Warning:  Use of undefined constant None - assumed 'None' (this will throw an Error in a future version of PHP) in /home/omd9e55u/app_rb_folder/config/session.php on line 199
[16-Jun-2021 12:33:24 Europe/Sofia] PHP Warning:  Use of undefined constant Secure - assumed 'Secure' (this will throw an Error in a future version of PHP) in /home/omd9e55u/app_rb_folder/config/session.php on line 199
[16-Jun-2021 12:33:31 Europe/Sofia] PHP Warning:  Use of undefined constant None - assumed 'None' (this will throw an Error in a future version of PHP) in /home/omd9e55u/app_rb_folder/config/session.php on line 199
[16-Jun-2021 12:33:31 Europe/Sofia] PHP Warning:  Use of undefined constant Secure - assumed 'Secure' (this will throw an Error in a future version of PHP) in /home/omd9e55u/app_rb_folder/config/session.php on line 199
[16-Jun-2021 12:36:34 Europe/Sofia] PHP Warning:  Use of undefined constant Lax - assumed 'Lax' (this will throw an Error in a future version of PHP) in /home/omd9e55u/app_rb_folder/config/session.php on line 199
[16-Jun-2021 12:36:34 Europe/Sofia] PHP Warning:  Use of undefined constant Lax - assumed 'Lax' (this will throw an Error in a future version of PHP) in /home/omd9e55u/app_rb_folder/config/session.php on line 199
[16-Jun-2021 12:36:35 Europe/Sofia] PHP Warning:  Use of undefined constant Lax - assumed 'Lax' (this will throw an Error in a future version of PHP) in /home/omd9e55u/app_rb_folder/config/session.php on line 199
[16-Jun-2021 12:36:38 Europe/Sofia] PHP Warning:  Use of undefined constant Lax - assumed 'Lax' (this will throw an Error in a future version of PHP) in /home/omd9e55u/app_rb_folder/config/session.php on line 199
[21-Jun-2021 13:41:04 Asia/Dhaka] PHP Warning:  The use statement with non-compound name 'Auth' has no effect in /home/omd9e55u/app_rb_folder/storage/framework/views/128069379aae0fae2c354eb992132d3e93655e9e.php on line 5
[21-Jun-2021 15:24:45 Asia/Dhaka] PHP Warning:  The use statement with non-compound name 'Auth' has no effect in /home/omd9e55u/app_rb_folder/storage/framework/views/128069379aae0fae2c354eb992132d3e93655e9e.php on line 5
[21-Jun-2021 17:31:31 Asia/Dhaka] PHP Warning:  The use statement with non-compound name 'Auth' has no effect in /home/omd9e55u/app_rb_folder/storage/framework/views/128069379aae0fae2c354eb992132d3e93655e9e.php on line 5
[21-Jun-2021 18:22:01 Asia/Dhaka] PHP Warning:  The use statement with non-compound name 'Auth' has no effect in /home/omd9e55u/app_rb_folder/storage/framework/views/128069379aae0fae2c354eb992132d3e93655e9e.php on line 5
[21-Jun-2021 18:22:04 Asia/Dhaka] PHP Warning:  The use statement with non-compound name 'Auth' has no effect in /home/omd9e55u/app_rb_folder/storage/framework/views/128069379aae0fae2c354eb992132d3e93655e9e.php on line 5
[21-Jun-2021 19:52:26 Asia/Dhaka] PHP Warning:  The use statement with non-compound name 'Auth' has no effect in /home/omd9e55u/app_rb_folder/storage/framework/views/128069379aae0fae2c354eb992132d3e93655e9e.php on line 5
[22-Jun-2021 18:24:09 Asia/Dhaka] PHP Warning:  The use statement with non-compound name 'Auth' has no effect in /home/omd9e55u/app_rb_folder/storage/framework/views/128069379aae0fae2c354eb992132d3e93655e9e.php on line 5
[23-Jun-2021 16:45:33 Asia/Dhaka] PHP Warning:  The use statement with non-compound name 'Auth' has no effect in /home/omd9e55u/app_rb_folder/storage/framework/views/128069379aae0fae2c354eb992132d3e93655e9e.php on line 5
[24-Jun-2021 00:21:09 Asia/Dhaka] PHP Warning:  The use statement with non-compound name 'Auth' has no effect in /home/omd9e55u/app_rb_folder/storage/framework/views/128069379aae0fae2c354eb992132d3e93655e9e.php on line 5
[25-Jun-2021 16:30:06 Asia/Dhaka] PHP Warning:  The use statement with non-compound name 'Auth' has no effect in /home/omd9e55u/app_rb_folder/storage/framework/views/128069379aae0fae2c354eb992132d3e93655e9e.php on line 5
[27-Jun-2021 17:39:04 Asia/Dhaka] PHP Warning:  The use statement with non-compound name 'Auth' has no effect in /home/omd9e55u/app_rb_folder/storage/framework/views/128069379aae0fae2c354eb992132d3e93655e9e.php on line 5
[28-Jun-2021 17:05:21 Asia/Dhaka] PHP Warning:  The use statement with non-compound name 'Auth' has no effect in /home/omd9e55u/app_rb_folder/storage/framework/views/128069379aae0fae2c354eb992132d3e93655e9e.php on line 5
[28-Jun-2021 19:43:08 Asia/Dhaka] PHP Warning:  The use statement with non-compound name 'Auth' has no effect in /home/omd9e55u/app_rb_folder/storage/framework/views/128069379aae0fae2c354eb992132d3e93655e9e.php on line 5
[29-Jun-2021 03:22:38 Asia/Dhaka] PHP Warning:  The use statement with non-compound name 'Auth' has no effect in /home/omd9e55u/app_rb_folder/storage/framework/views/128069379aae0fae2c354eb992132d3e93655e9e.php on line 5
[29-Jun-2021 16:51:07 Asia/Dhaka] PHP Warning:  The use statement with non-compound name 'Auth' has no effect in /home/omd9e55u/app_rb_folder/storage/framework/views/128069379aae0fae2c354eb992132d3e93655e9e.php on line 5
[29-Jun-2021 18:38:46 Asia/Dhaka] PHP Warning:  The use statement with non-compound name 'Auth' has no effect in /home/omd9e55u/app_rb_folder/storage/framework/views/128069379aae0fae2c354eb992132d3e93655e9e.php on line 5
[29-Jun-2021 19:45:19 Asia/Dhaka] PHP Warning:  The use statement with non-compound name 'Auth' has no effect in /home/omd9e55u/app_rb_folder/storage/framework/views/128069379aae0fae2c354eb992132d3e93655e9e.php on line 5
[30-Jun-2021 00:48:21 Asia/Dhaka] PHP Warning:  The use statement with non-compound name 'Auth' has no effect in /home/omd9e55u/app_rb_folder/storage/framework/views/128069379aae0fae2c354eb992132d3e93655e9e.php on line 5
[30-Jun-2021 04:08:32 Asia/Dhaka] PHP Warning:  The use statement with non-compound name 'Auth' has no effect in /home/omd9e55u/app_rb_folder/storage/framework/views/128069379aae0fae2c354eb992132d3e93655e9e.php on line 5
[30-Jun-2021 16:03:49 Asia/Dhaka] PHP Warning:  The use statement with non-compound name 'Auth' has no effect in /home/omd9e55u/app_rb_folder/storage/framework/views/128069379aae0fae2c354eb992132d3e93655e9e.php on line 5
[01-Jul-2021 06:51:18 Asia/Dhaka] PHP Warning:  The use statement with non-compound name 'Auth' has no effect in /home/omd9e55u/app_rb_folder/storage/framework/views/128069379aae0fae2c354eb992132d3e93655e9e.php on line 5
[01-Jul-2021 07:03:25 Asia/Dhaka] PHP Warning:  The use statement with non-compound name 'Auth' has no effect in /home/omd9e55u/app_rb_folder/storage/framework/views/128069379aae0fae2c354eb992132d3e93655e9e.php on line 5
[03-Jul-2021 14:48:53 Asia/Dhaka] PHP Warning:  The use statement with non-compound name 'Auth' has no effect in /home/omd9e55u/app_rb_folder/storage/framework/views/128069379aae0fae2c354eb992132d3e93655e9e.php on line 5
[04-Jul-2021 16:51:49 Asia/Dhaka] PHP Warning:  The use statement with non-compound name 'Auth' has no effect in /home/omd9e55u/app_rb_folder/storage/framework/views/128069379aae0fae2c354eb992132d3e93655e9e.php on line 5
[04-Jul-2021 17:52:26 Asia/Dhaka] PHP Warning:  The use statement with non-compound name 'Auth' has no effect in /home/omd9e55u/app_rb_folder/storage/framework/views/128069379aae0fae2c354eb992132d3e93655e9e.php on line 5
[07-Jul-2021 15:11:19 Asia/Dhaka] PHP Warning:  The use statement with non-compound name 'Auth' has no effect in /home/omd9e55u/app_rb_folder/storage/framework/views/128069379aae0fae2c354eb992132d3e93655e9e.php on line 5
[07-Jul-2021 16:52:32 Asia/Dhaka] PHP Warning:  The use statement with non-compound name 'Auth' has no effect in /home/omd9e55u/app_rb_folder/storage/framework/views/128069379aae0fae2c354eb992132d3e93655e9e.php on line 5
[07-Jul-2021 18:06:01 Asia/Dhaka] PHP Warning:  The use statement with non-compound name 'Auth' has no effect in /home/omd9e55u/app_rb_folder/storage/framework/views/128069379aae0fae2c354eb992132d3e93655e9e.php on line 5
[07-Jul-2021 21:39:38 Asia/Dhaka] PHP Warning:  The use statement with non-compound name 'Auth' has no effect in /home/omd9e55u/app_rb_folder/storage/framework/views/128069379aae0fae2c354eb992132d3e93655e9e.php on line 5
[08-Jul-2021 03:37:13 Asia/Dhaka] PHP Warning:  The use statement with non-compound name 'Auth' has no effect in /home/omd9e55u/app_rb_folder/storage/framework/views/128069379aae0fae2c354eb992132d3e93655e9e.php on line 5
[08-Jul-2021 18:03:36 Asia/Dhaka] PHP Warning:  The use statement with non-compound name 'Auth' has no effect in /home/omd9e55u/app_rb_folder/storage/framework/views/128069379aae0fae2c354eb992132d3e93655e9e.php on line 5
[08-Jul-2021 20:10:48 Asia/Dhaka] PHP Warning:  The use statement with non-compound name 'Auth' has no effect in /home/omd9e55u/app_rb_folder/storage/framework/views/128069379aae0fae2c354eb992132d3e93655e9e.php on line 5
[09-Jul-2021 18:23:07 Asia/Dhaka] PHP Warning:  The use statement with non-compound name 'Auth' has no effect in /home/omd9e55u/app_rb_folder/storage/framework/views/128069379aae0fae2c354eb992132d3e93655e9e.php on line 5
[09-Jul-2021 21:53:25 Asia/Dhaka] PHP Warning:  The use statement with non-compound name 'Auth' has no effect in /home/omd9e55u/app_rb_folder/storage/framework/views/128069379aae0fae2c354eb992132d3e93655e9e.php on line 5
[10-Jul-2021 00:04:04 Asia/Dhaka] PHP Warning:  The use statement with non-compound name 'Auth' has no effect in /home/omd9e55u/app_rb_folder/storage/framework/views/128069379aae0fae2c354eb992132d3e93655e9e.php on line 5
[10-Jul-2021 16:54:01 Asia/Dhaka] PHP Warning:  The use statement with non-compound name 'Auth' has no effect in /home/omd9e55u/app_rb_folder/storage/framework/views/128069379aae0fae2c354eb992132d3e93655e9e.php on line 5
[10-Jul-2021 23:34:46 Asia/Dhaka] PHP Warning:  The use statement with non-compound name 'Auth' has no effect in /home/omd9e55u/app_rb_folder/storage/framework/views/128069379aae0fae2c354eb992132d3e93655e9e.php on line 5
[11-Jul-2021 00:21:10 Asia/Dhaka] PHP Warning:  The use statement with non-compound name 'Auth' has no effect in /home/omd9e55u/app_rb_folder/storage/framework/views/128069379aae0fae2c354eb992132d3e93655e9e.php on line 5
[11-Jul-2021 01:53:12 Asia/Dhaka] PHP Warning:  The use statement with non-compound name 'Auth' has no effect in /home/omd9e55u/app_rb_folder/storage/framework/views/128069379aae0fae2c354eb992132d3e93655e9e.php on line 5
[11-Jul-2021 20:04:10 Asia/Dhaka] PHP Warning:  The use statement with non-compound name 'Auth' has no effect in /home/omd9e55u/app_rb_folder/storage/framework/views/128069379aae0fae2c354eb992132d3e93655e9e.php on line 5
[11-Jul-2021 20:54:33 Asia/Dhaka] PHP Warning:  The use statement with non-compound name 'Auth' has no effect in /home/omd9e55u/app_rb_folder/storage/framework/views/128069379aae0fae2c354eb992132d3e93655e9e.php on line 5
[13-Jul-2021 17:47:01 Asia/Dhaka] PHP Warning:  The use statement with non-compound name 'Auth' has no effect in /home/omd9e55u/app_rb_folder/storage/framework/views/128069379aae0fae2c354eb992132d3e93655e9e.php on line 5
[14-Jul-2021 04:11:50 Asia/Dhaka] PHP Warning:  The use statement with non-compound name 'Auth' has no effect in /home/omd9e55u/app_rb_folder/storage/framework/views/128069379aae0fae2c354eb992132d3e93655e9e.php on line 5
[15-Jul-2021 22:19:11 Asia/Dhaka] PHP Warning:  The use statement with non-compound name 'Auth' has no effect in /home/omd9e55u/app_rb_folder/storage/framework/views/128069379aae0fae2c354eb992132d3e93655e9e.php on line 5
[17-Jul-2021 00:03:19 Asia/Dhaka] PHP Warning:  The use statement with non-compound name 'Auth' has no effect in /home/omd9e55u/app_rb_folder/storage/framework/views/128069379aae0fae2c354eb992132d3e93655e9e.php on line 5
[28-Jul-2021 02:40:44 Asia/Dhaka] PHP Warning:  The use statement with non-compound name 'Auth' has no effect in /home/omd9e55u/app_rb_folder/storage/framework/views/128069379aae0fae2c354eb992132d3e93655e9e.php on line 5
[28-Jul-2021 02:52:52 Asia/Dhaka] PHP Warning:  The use statement with non-compound name 'Auth' has no effect in /home/omd9e55u/app_rb_folder/storage/framework/views/128069379aae0fae2c354eb992132d3e93655e9e.php on line 5
[28-Jul-2021 16:44:05 Asia/Dhaka] PHP Warning:  The use statement with non-compound name 'Auth' has no effect in /home/omd9e55u/app_rb_folder/storage/framework/views/128069379aae0fae2c354eb992132d3e93655e9e.php on line 5
[28-Jul-2021 16:54:52 Asia/Dhaka] PHP Warning:  The use statement with non-compound name 'Auth' has no effect in /home/omd9e55u/app_rb_folder/storage/framework/views/128069379aae0fae2c354eb992132d3e93655e9e.php on line 5
[03-Aug-2021 02:08:39 Asia/Dhaka] PHP Warning:  The use statement with non-compound name 'Auth' has no effect in /home/omd9e55u/app_rb_folder/storage/framework/views/128069379aae0fae2c354eb992132d3e93655e9e.php on line 5
[03-Aug-2021 23:20:50 Asia/Dhaka] PHP Warning:  The use statement with non-compound name 'Auth' has no effect in /home/omd9e55u/app_rb_folder/storage/framework/views/128069379aae0fae2c354eb992132d3e93655e9e.php on line 5
[06-Aug-2021 08:16:07 Asia/Dhaka] PHP Warning:  The use statement with non-compound name 'Auth' has no effect in /home/omd9e55u/app_rb_folder/storage/framework/views/128069379aae0fae2c354eb992132d3e93655e9e.php on line 5
[09-Aug-2021 21:28:08 Asia/Dhaka] PHP Warning:  The use statement with non-compound name 'Auth' has no effect in /home/omd9e55u/app_rb_folder/storage/framework/views/128069379aae0fae2c354eb992132d3e93655e9e.php on line 5
[10-Aug-2021 22:15:09 Asia/Dhaka] PHP Warning:  The use statement with non-compound name 'Auth' has no effect in /home/omd9e55u/app_rb_folder/storage/framework/views/128069379aae0fae2c354eb992132d3e93655e9e.php on line 5
[18-Aug-2021 00:54:39 Asia/Dhaka] PHP Warning:  The use statement with non-compound name 'Auth' has no effect in /home/omd9e55u/app_rb_folder/storage/framework/views/128069379aae0fae2c354eb992132d3e93655e9e.php on line 5
[18-Aug-2021 14:07:02 Asia/Dhaka] PHP Warning:  The use statement with non-compound name 'Auth' has no effect in /home/omd9e55u/app_rb_folder/storage/framework/views/128069379aae0fae2c354eb992132d3e93655e9e.php on line 5
[20-Aug-2021 14:28:27 Asia/Dhaka] PHP Warning:  The use statement with non-compound name 'Auth' has no effect in /home/omd9e55u/app_rb_folder/storage/framework/views/128069379aae0fae2c354eb992132d3e93655e9e.php on line 5
[21-Aug-2021 21:58:20 Asia/Dhaka] PHP Warning:  The use statement with non-compound name 'Auth' has no effect in /home/omd9e55u/app_rb_folder/storage/framework/views/128069379aae0fae2c354eb992132d3e93655e9e.php on line 5
[21-Aug-2021 21:58:54 Asia/Dhaka] PHP Warning:  The use statement with non-compound name 'Auth' has no effect in /home/omd9e55u/app_rb_folder/storage/framework/views/128069379aae0fae2c354eb992132d3e93655e9e.php on line 5
[22-Aug-2021 00:08:03 Asia/Dhaka] PHP Warning:  The use statement with non-compound name 'Auth' has no effect in /home/omd9e55u/app_rb_folder/storage/framework/views/128069379aae0fae2c354eb992132d3e93655e9e.php on line 5
[22-Aug-2021 00:38:35 Asia/Dhaka] PHP Warning:  The use statement with non-compound name 'Auth' has no effect in /home/omd9e55u/app_rb_folder/storage/framework/views/128069379aae0fae2c354eb992132d3e93655e9e.php on line 5
[22-Aug-2021 01:45:12 Asia/Dhaka] PHP Warning:  The use statement with non-compound name 'Auth' has no effect in /home/omd9e55u/app_rb_folder/storage/framework/views/128069379aae0fae2c354eb992132d3e93655e9e.php on line 5
[22-Aug-2021 14:45:01 Asia/Dhaka] PHP Warning:  The use statement with non-compound name 'Auth' has no effect in /home/omd9e55u/app_rb_folder/storage/framework/views/128069379aae0fae2c354eb992132d3e93655e9e.php on line 5
[25-Aug-2021 21:26:15 Asia/Dhaka] PHP Warning:  The use statement with non-compound name 'Auth' has no effect in /home/omd9e55u/app_rb_folder/storage/framework/views/128069379aae0fae2c354eb992132d3e93655e9e.php on line 5
[26-Aug-2021 01:15:56 Asia/Dhaka] PHP Warning:  The use statement with non-compound name 'Auth' has no effect in /home/omd9e55u/app_rb_folder/storage/framework/views/128069379aae0fae2c354eb992132d3e93655e9e.php on line 5
[26-Aug-2021 22:09:40 Asia/Dhaka] PHP Warning:  The use statement with non-compound name 'Auth' has no effect in /home/omd9e55u/app_rb_folder/storage/framework/views/128069379aae0fae2c354eb992132d3e93655e9e.php on line 5
[09-Sep-2021 15:05:58 Asia/Dhaka] PHP Warning:  The use statement with non-compound name 'Auth' has no effect in /home/omd9e55u/app_rb_folder/storage/framework/views/128069379aae0fae2c354eb992132d3e93655e9e.php on line 5
[10-Sep-2021 22:57:34 Asia/Dhaka] PHP Warning:  The use statement with non-compound name 'Auth' has no effect in /home/omd9e55u/app_rb_folder/storage/framework/views/128069379aae0fae2c354eb992132d3e93655e9e.php on line 5
[12-Sep-2021 08:30:49 Asia/Dhaka] PHP Warning:  The use statement with non-compound name 'Auth' has no effect in /home/omd9e55u/app_rb_folder/storage/framework/views/128069379aae0fae2c354eb992132d3e93655e9e.php on line 5
[12-Sep-2021 09:34:59 Asia/Dhaka] PHP Warning:  The use statement with non-compound name 'Auth' has no effect in /home/omd9e55u/app_rb_folder/storage/framework/views/128069379aae0fae2c354eb992132d3e93655e9e.php on line 5
[12-Sep-2021 22:36:57 Asia/Dhaka] PHP Warning:  The use statement with non-compound name 'Auth' has no effect in /home/omd9e55u/app_rb_folder/storage/framework/views/128069379aae0fae2c354eb992132d3e93655e9e.php on line 5
[14-Sep-2021 22:14:12 Asia/Dhaka] PHP Warning:  The use statement with non-compound name 'Auth' has no effect in /home/omd9e55u/app_rb_folder/storage/framework/views/128069379aae0fae2c354eb992132d3e93655e9e.php on line 5
[15-Sep-2021 17:37:53 Asia/Dhaka] PHP Warning:  The use statement with non-compound name 'Auth' has no effect in /home/omd9e55u/app_rb_folder/storage/framework/views/128069379aae0fae2c354eb992132d3e93655e9e.php on line 5
[15-Sep-2021 18:34:44 Asia/Dhaka] PHP Warning:  The use statement with non-compound name 'Auth' has no effect in /home/omd9e55u/app_rb_folder/storage/framework/views/128069379aae0fae2c354eb992132d3e93655e9e.php on line 5
[19-Sep-2021 05:05:21 Asia/Dhaka] PHP Warning:  The use statement with non-compound name 'Auth' has no effect in /home/omd9e55u/app_rb_folder/storage/framework/views/128069379aae0fae2c354eb992132d3e93655e9e.php on line 5
[20-Sep-2021 04:03:28 Asia/Dhaka] PHP Warning:  The use statement with non-compound name 'Auth' has no effect in /home/omd9e55u/app_rb_folder/storage/framework/views/128069379aae0fae2c354eb992132d3e93655e9e.php on line 5
[20-Sep-2021 15:29:55 Asia/Dhaka] PHP Warning:  The use statement with non-compound name 'Auth' has no effect in /home/omd9e55u/app_rb_folder/storage/framework/views/128069379aae0fae2c354eb992132d3e93655e9e.php on line 5
[20-Sep-2021 18:22:44 Asia/Dhaka] PHP Warning:  The use statement with non-compound name 'Auth' has no effect in /home/omd9e55u/app_rb_folder/storage/framework/views/128069379aae0fae2c354eb992132d3e93655e9e.php on line 5
[20-Sep-2021 23:30:58 Asia/Dhaka] PHP Warning:  The use statement with non-compound name 'Auth' has no effect in /home/omd9e55u/app_rb_folder/storage/framework/views/128069379aae0fae2c354eb992132d3e93655e9e.php on line 5
[21-Sep-2021 14:49:59 Asia/Dhaka] PHP Warning:  The use statement with non-compound name 'Auth' has no effect in /home/omd9e55u/app_rb_folder/storage/framework/views/128069379aae0fae2c354eb992132d3e93655e9e.php on line 5
[22-Sep-2021 02:15:46 Asia/Dhaka] PHP Warning:  The use statement with non-compound name 'Auth' has no effect in /home/omd9e55u/app_rb_folder/storage/framework/views/128069379aae0fae2c354eb992132d3e93655e9e.php on line 5
[27-Sep-2021 16:20:04 Asia/Dhaka] PHP Warning:  The use statement with non-compound name 'Auth' has no effect in /home/omd9e55u/app_rb_folder/storage/framework/views/128069379aae0fae2c354eb992132d3e93655e9e.php on line 5
[27-Sep-2021 19:15:08 Asia/Dhaka] PHP Warning:  The use statement with non-compound name 'Auth' has no effect in /home/omd9e55u/app_rb_folder/storage/framework/views/128069379aae0fae2c354eb992132d3e93655e9e.php on line 5
[27-Sep-2021 19:15:08 Asia/Dhaka] PHP Warning:  The use statement with non-compound name 'Auth' has no effect in /home/omd9e55u/app_rb_folder/storage/framework/views/128069379aae0fae2c354eb992132d3e93655e9e.php on line 5
[08-Oct-2021 02:07:31 Asia/Dhaka] PHP Warning:  The use statement with non-compound name 'Auth' has no effect in /home/omd9e55u/app_rb_folder/storage/framework/views/128069379aae0fae2c354eb992132d3e93655e9e.php on line 5
[09-Oct-2021 16:19:19 Asia/Dhaka] PHP Warning:  The use statement with non-compound name 'Auth' has no effect in /home/omd9e55u/app_rb_folder/storage/framework/views/128069379aae0fae2c354eb992132d3e93655e9e.php on line 5
[09-Oct-2021 16:36:58 Asia/Dhaka] PHP Warning:  The use statement with non-compound name 'Auth' has no effect in /home/omd9e55u/app_rb_folder/storage/framework/views/128069379aae0fae2c354eb992132d3e93655e9e.php on line 5
[09-Oct-2021 20:21:26 Asia/Dhaka] PHP Warning:  The use statement with non-compound name 'Auth' has no effect in /home/omd9e55u/app_rb_folder/storage/framework/views/128069379aae0fae2c354eb992132d3e93655e9e.php on line 5
[09-Oct-2021 20:32:36 Asia/Dhaka] PHP Warning:  The use statement with non-compound name 'Auth' has no effect in /home/omd9e55u/app_rb_folder/storage/framework/views/128069379aae0fae2c354eb992132d3e93655e9e.php on line 5
[09-Oct-2021 21:43:59 Asia/Dhaka] PHP Warning:  The use statement with non-compound name 'Auth' has no effect in /home/omd9e55u/app_rb_folder/storage/framework/views/128069379aae0fae2c354eb992132d3e93655e9e.php on line 5
[09-Oct-2021 22:43:51 Asia/Dhaka] PHP Warning:  The use statement with non-compound name 'Auth' has no effect in /home/omd9e55u/app_rb_folder/storage/framework/views/128069379aae0fae2c354eb992132d3e93655e9e.php on line 5
[11-Oct-2021 02:52:39 Asia/Dhaka] PHP Warning:  The use statement with non-compound name 'Auth' has no effect in /home/omd9e55u/app_rb_folder/storage/framework/views/128069379aae0fae2c354eb992132d3e93655e9e.php on line 5
[12-Oct-2021 19:26:21 Asia/Dhaka] PHP Warning:  The use statement with non-compound name 'Auth' has no effect in /home/omd9e55u/app_rb_folder/storage/framework/views/128069379aae0fae2c354eb992132d3e93655e9e.php on line 5
[20-Oct-2021 16:16:42 Asia/Dhaka] PHP Warning:  The use statement with non-compound name 'Auth' has no effect in /home/omd9e55u/app_rb_folder/storage/framework/views/128069379aae0fae2c354eb992132d3e93655e9e.php on line 5
[21-Oct-2021 20:40:49 Asia/Dhaka] PHP Warning:  The use statement with non-compound name 'Auth' has no effect in /home/omd9e55u/app_rb_folder/storage/framework/views/128069379aae0fae2c354eb992132d3e93655e9e.php on line 5
[24-Nov-2021 00:47:06 Asia/Dhaka] PHP Warning:  The use statement with non-compound name 'Auth' has no effect in /home/omd9e55u/app_rb_folder/storage/framework/views/128069379aae0fae2c354eb992132d3e93655e9e.php on line 5
[25-Nov-2021 16:27:45 Asia/Dhaka] PHP Warning:  The use statement with non-compound name 'Auth' has no effect in /home/omd9e55u/app_rb_folder/storage/framework/views/128069379aae0fae2c354eb992132d3e93655e9e.php on line 5
[01-Dec-2021 18:56:42 Asia/Dhaka] PHP Warning:  The use statement with non-compound name 'Auth' has no effect in /home/omd9e55u/app_rb_folder/storage/framework/views/128069379aae0fae2c354eb992132d3e93655e9e.php on line 5
[13-Dec-2021 23:54:35 Asia/Dhaka] PHP Warning:  The use statement with non-compound name 'Auth' has no effect in /home/omd9e55u/app_rb_folder/storage/framework/views/128069379aae0fae2c354eb992132d3e93655e9e.php on line 5
[18-Dec-2021 04:50:10 Asia/Dhaka] PHP Warning:  The use statement with non-compound name 'Auth' has no effect in /home/omd9e55u/app_rb_folder/storage/framework/views/128069379aae0fae2c354eb992132d3e93655e9e.php on line 5
[28-Dec-2021 19:55:55 Asia/Dhaka] PHP Warning:  The use statement with non-compound name 'Auth' has no effect in /home/omd9e55u/app_rb_folder/storage/framework/views/128069379aae0fae2c354eb992132d3e93655e9e.php on line 5
[29-Dec-2021 23:11:22 Asia/Dhaka] PHP Warning:  The use statement with non-compound name 'Auth' has no effect in /home/omd9e55u/app_rb_folder/storage/framework/views/128069379aae0fae2c354eb992132d3e93655e9e.php on line 5
[12-Jan-2022 20:47:27 Asia/Dhaka] PHP Warning:  The use statement with non-compound name 'Auth' has no effect in /home/omd9e55u/app_rb_folder/storage/framework/views/128069379aae0fae2c354eb992132d3e93655e9e.php on line 5
[13-Jan-2022 01:20:58 Asia/Dhaka] PHP Warning:  The use statement with non-compound name 'Auth' has no effect in /home/omd9e55u/app_rb_folder/storage/framework/views/128069379aae0fae2c354eb992132d3e93655e9e.php on line 5
[13-Jan-2022 04:16:11 Asia/Dhaka] PHP Warning:  The use statement with non-compound name 'Auth' has no effect in /home/omd9e55u/app_rb_folder/storage/framework/views/128069379aae0fae2c354eb992132d3e93655e9e.php on line 5
[14-Jan-2022 05:47:36 Asia/Dhaka] PHP Warning:  The use statement with non-compound name 'Auth' has no effect in /home/omd9e55u/app_rb_folder/storage/framework/views/128069379aae0fae2c354eb992132d3e93655e9e.php on line 5
[17-Jan-2022 13:02:38 Asia/Dhaka] PHP Warning:  The use statement with non-compound name 'Auth' has no effect in /home/omd9e55u/app_rb_folder/storage/framework/views/128069379aae0fae2c354eb992132d3e93655e9e.php on line 5
[18-Jan-2022 00:43:17 Asia/Dhaka] PHP Warning:  The use statement with non-compound name 'Auth' has no effect in /home/omd9e55u/app_rb_folder/storage/framework/views/128069379aae0fae2c354eb992132d3e93655e9e.php on line 5
[19-Jan-2022 20:16:56 Asia/Dhaka] PHP Fatal error:  Cannot redeclare App\Helpers\dateDiffInDays() (previously declared in /home/omd9e55u/app_rb_folder/app/Helpers/UserPanel.php:168) in /home/omd9e55u/app_rb_folder/app/Helpers/UserPanel.php on line 519
[19-Jan-2022 20:17:37 Asia/Dhaka] PHP Fatal error:  Cannot redeclare App\Helpers\dateDiffInDays() (previously declared in /home/omd9e55u/app_rb_folder/app/Helpers/UserPanel.php:168) in /home/omd9e55u/app_rb_folder/app/Helpers/UserPanel.php on line 519
[19-Jan-2022 20:17:42 Asia/Dhaka] PHP Fatal error:  Cannot redeclare App\Helpers\dateDiffInDays() (previously declared in /home/omd9e55u/app_rb_folder/app/Helpers/UserPanel.php:168) in /home/omd9e55u/app_rb_folder/app/Helpers/UserPanel.php on line 519
[19-Jan-2022 20:17:50 Asia/Dhaka] PHP Fatal error:  Cannot redeclare App\Helpers\dateDiffInDays() (previously declared in /home/omd9e55u/app_rb_folder/app/Helpers/UserPanel.php:168) in /home/omd9e55u/app_rb_folder/app/Helpers/UserPanel.php on line 519
[19-Jan-2022 20:24:16 Asia/Dhaka] PHP Fatal error:  Cannot redeclare App\Helpers\dateDiffInDays() (previously declared in /home/omd9e55u/app_rb_folder/app/Helpers/UserPanel.php:168) in /home/omd9e55u/app_rb_folder/app/Helpers/UserPanel.php on line 519
[19-Jan-2022 20:25:25 Asia/Dhaka] PHP Fatal error:  Cannot redeclare App\Helpers\dateDiffInDays() (previously declared in /home/omd9e55u/app_rb_folder/app/Helpers/UserPanel.php:168) in /home/omd9e55u/app_rb_folder/app/Helpers/UserPanel.php on line 581
[19-Jan-2022 20:25:32 Asia/Dhaka] PHP Fatal error:  Cannot redeclare App\Helpers\dateDiffInDays() (previously declared in /home/omd9e55u/app_rb_folder/app/Helpers/UserPanel.php:168) in /home/omd9e55u/app_rb_folder/app/Helpers/UserPanel.php on line 581
[19-Jan-2022 20:27:25 Asia/Dhaka] PHP Fatal error:  Cannot redeclare App\Helpers\dateDiffInDays() (previously declared in /home/omd9e55u/app_rb_folder/app/Helpers/UserPanel.php:168) in /home/omd9e55u/app_rb_folder/app/Helpers/UserPanel.php on line 581
[19-Jan-2022 20:27:32 Asia/Dhaka] PHP Fatal error:  Cannot redeclare App\Helpers\dateDiffInDays() (previously declared in /home/omd9e55u/app_rb_folder/app/Helpers/UserPanel.php:168) in /home/omd9e55u/app_rb_folder/app/Helpers/UserPanel.php on line 581
[19-Jan-2022 20:29:31 Asia/Dhaka] PHP Fatal error:  Cannot redeclare App\Helpers\dateDiffInDays() (previously declared in /home/omd9e55u/app_rb_folder/app/Helpers/UserPanel.php:168) in /home/omd9e55u/app_rb_folder/app/Helpers/UserPanel.php on line 581
[19-Jan-2022 20:29:55 Asia/Dhaka] PHP Fatal error:  Cannot redeclare App\Helpers\dateDiffInDays() (previously declared in /home/omd9e55u/app_rb_folder/app/Helpers/UserPanel.php:168) in /home/omd9e55u/app_rb_folder/app/Helpers/UserPanel.php on line 581
[19-Jan-2022 20:30:10 Asia/Dhaka] PHP Fatal error:  Cannot redeclare App\Helpers\dateDiffInDays() (previously declared in /home/omd9e55u/app_rb_folder/app/Helpers/UserPanel.php:168) in /home/omd9e55u/app_rb_folder/app/Helpers/UserPanel.php on line 581
[19-Jan-2022 20:30:16 Asia/Dhaka] PHP Fatal error:  Cannot redeclare App\Helpers\dateDiffInDays() (previously declared in /home/omd9e55u/app_rb_folder/app/Helpers/UserPanel.php:168) in /home/omd9e55u/app_rb_folder/app/Helpers/UserPanel.php on line 168
[19-Jan-2022 20:31:09 Asia/Dhaka] PHP Fatal error:  Cannot redeclare App\Helpers\dateDiffInDays() (previously declared in /home/omd9e55u/app_rb_folder/app/Helpers/UserPanel.php:168) in /home/omd9e55u/app_rb_folder/app/Helpers/UserPanel.php on line 168
[19-Jan-2022 20:31:29 Asia/Dhaka] PHP Fatal error:  Cannot redeclare App\Helpers\dateDiffInDays() (previously declared in /home/omd9e55u/app_rb_folder/app/Helpers/UserPanel.php:168) in /home/omd9e55u/app_rb_folder/app/Helpers/UserPanel.php on line 168
[19-Jan-2022 20:31:57 Asia/Dhaka] PHP Fatal error:  Cannot redeclare App\Helpers\dateDiffInDays() (previously declared in /home/omd9e55u/app_rb_folder/app/Helpers/UserPanel.php:168) in /home/omd9e55u/app_rb_folder/app/Helpers/UserPanel.php on line 168
[19-Jan-2022 20:32:02 Asia/Dhaka] PHP Fatal error:  Cannot redeclare App\Helpers\dateDiffInDays() (previously declared in /home/omd9e55u/app_rb_folder/app/Helpers/UserPanel.php:168) in /home/omd9e55u/app_rb_folder/app/Helpers/UserPanel.php on line 168
[19-Jan-2022 20:32:18 Asia/Dhaka] PHP Fatal error:  Cannot redeclare App\Helpers\dateDiffInDays() (previously declared in /home/omd9e55u/app_rb_folder/app/Helpers/UserPanel.php:168) in /home/omd9e55u/app_rb_folder/app/Helpers/UserPanel.php on line 581
[21-Jan-2022 02:24:57 Asia/Dhaka] PHP Fatal error:  Cannot redeclare App\Helpers\UserPanel::user_balance_card() in /home/omd9e55u/app_rb_folder/app/Helpers/UserPanel.php on line 507
[31-Jan-2022 04:14:34 Asia/Dhaka] PHP Warning:  The use statement with non-compound name 'Auth' has no effect in /home/omd9e55u/app_rb_folder/storage/framework/views/128069379aae0fae2c354eb992132d3e93655e9e.php on line 5
[31-Jan-2022 23:57:31 Asia/Dhaka] PHP Warning:  The use statement with non-compound name 'Auth' has no effect in /home/omd9e55u/app_rb_folder/storage/framework/views/128069379aae0fae2c354eb992132d3e93655e9e.php on line 5
[31-Jan-2022 23:57:34 Asia/Dhaka] PHP Warning:  The use statement with non-compound name 'Auth' has no effect in /home/omd9e55u/app_rb_folder/storage/framework/views/128069379aae0fae2c354eb992132d3e93655e9e.php on line 5
[04-Feb-2022 16:56:39 Asia/Dhaka] PHP Warning:  The use statement with non-compound name 'Auth' has no effect in /home/omd9e55u/app_rb_folder/storage/framework/views/128069379aae0fae2c354eb992132d3e93655e9e.php on line 5
[05-Feb-2022 00:14:00 Asia/Dhaka] PHP Warning:  The use statement with non-compound name 'Auth' has no effect in /home/omd9e55u/app_rb_folder/storage/framework/views/128069379aae0fae2c354eb992132d3e93655e9e.php on line 5
[06-Feb-2022 00:25:19 Asia/Dhaka] PHP Warning:  The use statement with non-compound name 'Auth' has no effect in /home/omd9e55u/app_rb_folder/storage/framework/views/128069379aae0fae2c354eb992132d3e93655e9e.php on line 5
[06-Feb-2022 06:08:29 Asia/Dhaka] PHP Warning:  The use statement with non-compound name 'Auth' has no effect in /home/omd9e55u/app_rb_folder/storage/framework/views/128069379aae0fae2c354eb992132d3e93655e9e.php on line 5
[07-Feb-2022 19:47:08 Asia/Dhaka] PHP Warning:  The use statement with non-compound name 'Auth' has no effect in /home/omd9e55u/app_rb_folder/storage/framework/views/128069379aae0fae2c354eb992132d3e93655e9e.php on line 5
[09-Feb-2022 01:40:15 Asia/Dhaka] PHP Warning:  The use statement with non-compound name 'Auth' has no effect in /home/omd9e55u/app_rb_folder/storage/framework/views/128069379aae0fae2c354eb992132d3e93655e9e.php on line 5
[09-Feb-2022 01:40:19 Asia/Dhaka] PHP Warning:  The use statement with non-compound name 'Auth' has no effect in /home/omd9e55u/app_rb_folder/storage/framework/views/128069379aae0fae2c354eb992132d3e93655e9e.php on line 5
[12-Feb-2022 23:19:09 Asia/Dhaka] PHP Warning:  The use statement with non-compound name 'Auth' has no effect in /home/omd9e55u/app_rb_folder/storage/framework/views/128069379aae0fae2c354eb992132d3e93655e9e.php on line 5
[14-Feb-2022 01:05:09 Asia/Dhaka] PHP Warning:  The use statement with non-compound name 'Auth' has no effect in /home/omd9e55u/app_rb_folder/storage/framework/views/128069379aae0fae2c354eb992132d3e93655e9e.php on line 5
[14-Feb-2022 01:05:09 Asia/Dhaka] PHP Warning:  The use statement with non-compound name 'Auth' has no effect in /home/omd9e55u/app_rb_folder/storage/framework/views/128069379aae0fae2c354eb992132d3e93655e9e.php on line 5
[15-Feb-2022 18:35:00 Asia/Dhaka] PHP Warning:  The use statement with non-compound name 'Auth' has no effect in /home/omd9e55u/app_rb_folder/storage/framework/views/128069379aae0fae2c354eb992132d3e93655e9e.php on line 5
[15-Feb-2022 18:35:04 Asia/Dhaka] PHP Warning:  The use statement with non-compound name 'Auth' has no effect in /home/omd9e55u/app_rb_folder/storage/framework/views/128069379aae0fae2c354eb992132d3e93655e9e.php on line 5
[19-Feb-2022 16:12:13 Asia/Dhaka] PHP Warning:  The use statement with non-compound name 'Auth' has no effect in /home/omd9e55u/app_rb_folder/storage/framework/views/128069379aae0fae2c354eb992132d3e93655e9e.php on line 5
[21-Feb-2022 17:25:49 Asia/Dhaka] PHP Warning:  The use statement with non-compound name 'Auth' has no effect in /home/omd9e55u/app_rb_folder/storage/framework/views/128069379aae0fae2c354eb992132d3e93655e9e.php on line 5
[23-Feb-2022 03:49:00 Asia/Dhaka] PHP Warning:  The use statement with non-compound name 'Auth' has no effect in /home/omd9e55u/app_rb_folder/storage/framework/views/128069379aae0fae2c354eb992132d3e93655e9e.php on line 5
[23-Feb-2022 03:49:03 Asia/Dhaka] PHP Warning:  The use statement with non-compound name 'Auth' has no effect in /home/omd9e55u/app_rb_folder/storage/framework/views/128069379aae0fae2c354eb992132d3e93655e9e.php on line 5
[23-Feb-2022 21:38:54 Asia/Dhaka] PHP Warning:  The use statement with non-compound name 'Auth' has no effect in /home/omd9e55u/app_rb_folder/storage/framework/views/128069379aae0fae2c354eb992132d3e93655e9e.php on line 5
